08:14:57 T:140571910899648  NOTICE: special://profile/ is mapped to: special://masterprofile/
08:14:57 T:140571910899648  NOTICE: -----------------------------------------------------------------------
08:14:57 T:140571910899648  NOTICE: Starting Kodi (14.2 Git:7cc53a9). Platform: Linux x86 64-bit
08:14:57 T:140571910899648  NOTICE: Using Release Kodi x64 build
08:14:57 T:140571910899648  NOTICE: Kodi compiled Mar 27 2015 by GCC 4.8.2 for Linux x86 64-bit version 3.13.11 (199947)
08:14:57 T:140571910899648  NOTICE: Running on Ubuntu 14.04.2 LTS, kernel: Linux x86 64-bit version 3.13.0-51-generic
08:14:57 T:140571910899648  NOTICE: FFmpeg statically linked, version: 2.4.6-xbmc-2.4.6-Helix
08:14:57 T:140571910899648  NOTICE: Host CPU: Intel(R) Core(TM) i7-3630QM CPU @ 2.40GHz, 8 cores available
08:14:57 T:140571910899648  NOTICE: special://xbmc/ is mapped to: /usr/share/kodi
08:14:57 T:140571910899648  NOTICE: special://xbmcbin/ is mapped to: /usr/lib/kodi
08:14:57 T:140571910899648  NOTICE: special://masterprofile/ is mapped to: /home/dave/.kodi/userdata
08:14:57 T:140571910899648  NOTICE: special://home/ is mapped to: /home/dave/.kodi
08:14:57 T:140571910899648  NOTICE: special://temp/ is mapped to: /home/dave/.kodi/temp
08:14:57 T:140571910899648  NOTICE: The executable running is: /usr/lib/kodi/kodi.bin
08:14:57 T:140571910899648  NOTICE: Local hostname: HPFreeman
08:14:57 T:140571910899648  NOTICE: Log File is located: /home/dave/.kodi/temp/kodi.log
08:14:57 T:140571910899648  NOTICE: -----------------------------------------------------------------------
08:14:57 T:140571910899648  NOTICE: load settings...
08:14:57 T:140571910899648  NOTICE: Found 1 Lists of Devices
08:14:57 T:140571910899648  NOTICE: Enumerated PULSE devices:
08:14:57 T:140571910899648  NOTICE:     Device 1
08:14:57 T:140571910899648  NOTICE:         m_deviceName      : Default
08:14:57 T:140571910899648  NOTICE:         m_displayName     : Default
08:14:57 T:140571910899648  NOTICE:         m_displayNameExtra: Default Output Device (PULSEAUDIO)
08:14:57 T:140571910899648  NOTICE:         m_deviceType      : AE_DEVTYPE_PCM
08:14:57 T:140571910899648  NOTICE:         m_channels        : FL,FR
08:14:57 T:140571910899648  NOTICE:         m_sampleRates     : 5512,8000,11025,16000,22050,32000,44100,48000,64000,88200,96000,176400,192000,384000
08:14:57 T:140571910899648  NOTICE:         m_dataFormats     : AE_FMT_U8,AE_FMT_S16NE,AE_FMT_S24NE3,AE_FMT_S24NE4,AE_FMT_S32NE,AE_FMT_FLOAT
08:14:57 T:140571910899648  NOTICE:     Device 2
08:14:57 T:140571910899648  NOTICE:         m_deviceName      : alsa_output.pci-0000_01_00.1.hdmi-stereo
08:14:57 T:140571910899648  NOTICE:         m_displayName     : GK107 HDMI Audio Controller Digital Stereo (HDMI)
08:14:57 T:140571910899648  NOTICE:         m_displayNameExtra: HDMI / DisplayPort (PULSEAUDIO)
08:14:57 T:140571910899648  NOTICE:         m_deviceType      : AE_DEVTYPE_PCM
08:14:57 T:140571910899648  NOTICE:         m_channels        : FL,FR
08:14:57 T:140571910899648  NOTICE:         m_sampleRates     : 5512,8000,11025,16000,22050,32000,44100,48000,64000,88200,96000,176400,192000,384000
08:14:57 T:140571910899648  NOTICE:         m_dataFormats     : AE_FMT_U8,AE_FMT_S16NE,AE_FMT_S24NE3,AE_FMT_S24NE4,AE_FMT_S32NE,AE_FMT_FLOAT
08:14:57 T:140571910899648  NOTICE:     Device 3
08:14:57 T:140571910899648  NOTICE:         m_deviceName      : alsa_output.pci-0000_00_1b.0.analog-stereo
08:14:57 T:140571910899648  NOTICE:         m_displayName     : Built-in Audio Analog Stereo
08:14:57 T:140571910899648  NOTICE:         m_displayNameExtra: Headphones (PULSEAUDIO)
08:14:57 T:140571910899648  NOTICE:         m_deviceType      : AE_DEVTYPE_PCM
08:14:57 T:140571910899648  NOTICE:         m_channels        : FL,FR
08:14:57 T:140571910899648  NOTICE:         m_sampleRates     : 5512,8000,11025,16000,22050,32000,44100,48000,64000,88200,96000,176400,192000,384000
08:14:57 T:140571910899648  NOTICE:         m_dataFormats     : AE_FMT_U8,AE_FMT_S16NE,AE_FMT_S24NE3,AE_FMT_S24NE4,AE_FMT_S32NE,AE_FMT_FLOAT
08:14:57 T:140571910899648  NOTICE: No settings file to load (special://xbmc/system/advancedsettings.xml)
08:14:57 T:140571910899648  NOTICE: No settings file to load (special://masterprofile/advancedsettings.xml)
08:14:57 T:140571910899648  NOTICE: Default DVD Player: dvdplayer
08:14:57 T:140571910899648  NOTICE: Default Video Player: dvdplayer
08:14:57 T:140571910899648  NOTICE: Default Audio Player: paplayer
08:14:57 T:140571910899648  NOTICE: Disabled debug logging due to GUI setting. Level 0.
08:14:57 T:140571910899648  NOTICE: Log level changed to "LOG_LEVEL_NORMAL"
08:14:57 T:140571910899648  NOTICE: CMediaSourceSettings: loading media sources from special://masterprofile/sources.xml
08:14:57 T:140571910899648  NOTICE: Loading player core factory settings from special://xbmc/system/playercorefactory.xml.
08:14:57 T:140571910899648  NOTICE: Loaded playercorefactory configuration
08:14:57 T:140571910899648  NOTICE: Loading player core factory settings from special://masterprofile/playercorefactory.xml.
08:14:57 T:140571910899648  NOTICE: special://masterprofile/playercorefactory.xml does not exist. Skipping.
08:14:57 T:140571435751168  NOTICE: Thread ActiveAE start, auto delete: false
08:14:57 T:140571495646976  NOTICE: Thread AESink start, auto delete: false
08:14:57 T:140571495646976  NOTICE: PulseAudio: Opened device Default in pcm mode with Buffersize 150 ms
08:14:57 T:140571910899648  NOTICE: Running database version Addons16
08:14:57 T:140571910899648  NOTICE: ADDONS: Using repository repository.xbmc.org
08:14:57 T:140571469645568  NOTICE: Thread PeripBusCEC start, auto delete: false
08:14:57 T:140571461252864  NOTICE: Thread PeripBusUSBUdev start, auto delete: false
08:14:57 T:140571910899648  NOTICE: Setup SDL
08:14:58 T:140571910899648  NOTICE: Checking resolution 15
08:14:58 T:140571910899648  NOTICE: Using visual 0x17a
08:14:58 T:140571910899648  NOTICE: GL_VENDOR = nouveau
08:14:58 T:140571910899648  NOTICE: GL_RENDERER = Gallium 0.4 on NVE7
08:14:58 T:140571910899648  NOTICE: GL_VERSION = 3.0 Mesa 10.1.3
08:14:58 T:140571910899648  NOTICE: GL_SHADING_LANGUAGE_VERSION = 1.30
08:14:58 T:140571910899648  NOTICE: GL_EXTENSIONS = GL_ARB_multisample GL_EXT_abgr GL_EXT_bgra GL_EXT_blend_color GL_EXT_blend_minmax GL_EXT_blend_subtract GL_EXT_copy_texture GL_EXT_polygon_offset GL_EXT_subtexture GL_EXT_texture_object GL_EXT_vertex_array GL_EXT_compiled_vertex_array GL_EXT_texture GL_EXT_texture3D GL_IBM_rasterpos_clip GL_ARB_point_parameters GL_EXT_draw_range_elements GL_EXT_packed_pixels GL_EXT_point_parameters GL_EXT_rescale_normal GL_EXT_separate_specular_color GL_EXT_texture_edge_clamp GL_SGIS_generate_mipmap GL_SGIS_texture_border_clamp GL_SGIS_texture_edge_clamp GL_SGIS_texture_lod GL_ARB_framebuffer_sRGB GL_ARB_multitexture GL_EXT_framebuffer_sRGB GL_IBM_multimode_draw_arrays GL_IBM_texture_mirrored_repeat GL_ARB_texture_cube_map GL_ARB_texture_env_add GL_ARB_transpose_matrix GL_EXT_blend_func_separate GL_EXT_fog_coord GL_EXT_multi_draw_arrays GL_EXT_secondary_color GL_EXT_texture_env_add GL_EXT_texture_filter_anisotropic GL_EXT_texture_lod_bias GL_INGR_blend_func_separate GL_NV_blend_square GL_NV_light_max_exponent GL_NV_texgen_reflection GL_NV_texture_env_combine4 GL_S3_s3tc GL_SUN_multi_draw_arrays GL_ARB_texture_border_clamp GL_ARB_texture_compression GL_EXT_framebuffer_object GL_EXT_texture_compression_s3tc GL_EXT_texture_env_combine GL_EXT_texture_env_dot3 GL_MESA_window_pos GL_NV_packed_depth_stencil GL_NV_texture_rectangle GL_ARB_depth_texture GL_ARB_occlusion_query GL_ARB_shadow GL_ARB_texture_env_combine GL_ARB_texture_env_crossbar GL_ARB_texture_env_dot3 GL_ARB_texture_mirrored_repeat GL_ARB_window_pos GL_EXT_stencil_two_side GL_EXT_texture_cube_map GL_NV_depth_clamp GL_NV_fog_distance GL_APPLE_packed_pixels GL_APPLE_vertex_array_object GL_ARB_draw_buffers GL_ARB_fragment_program GL_ARB_fragment_shader GL_ARB_shader_objects GL_ARB_vertex_program GL_ARB_vertex_shader GL_ATI_draw_buffers GL_ATI_texture_env_combine3 GL_ATI_texture_float GL_EXT_shadow_funcs GL_EXT_stencil_wrap GL_MESA_pack_invert GL_NV_primitive_restart GL_ARB_depth_clamp GL_ARB_fragment_program_shadow GL_ARB_half_float_pixel GL_ARB_occlusion_query2 GL_ARB_point_sprite GL_ARB_shading_language_100 GL_ARB_sync GL_ARB_texture_non_power_of_two GL_ARB_vertex_buffer_object GL_ATI_blend_equation_separate GL_EXT_blend_equation_separate GL_OES_read_format GL_ARB_color_buffer_float GL_ARB_pixel_buffer_object GL_ARB_texture_compression_rgtc GL_ARB_texture_float GL_ARB_texture_rectangle GL_ATI_texture_compression_3dc GL_EXT_packed_float GL_EXT_pixel_buffer_object GL_EXT_texture_compression_dxt1 GL_EXT_texture_compression_rgtc GL_EXT_texture_mirror_clamp GL_EXT_texture_rectangle GL_EXT_texture_sRGB GL_EXT_texture_shared_exponent GL_ARB_framebuffer_object GL_EXT_framebuffer_blit GL_EXT_framebuffer_multisample GL_EXT_packed_depth_stencil GL_ARB_vertex_array_object GL_ATI_separate_stencil GL_ATI_texture_mirror_once GL_EXT_draw_buffers2 GL_EXT_draw_instanced GL_EXT_gpu_program_parameters GL_EXT_texture_array GL_EXT_texture_compression_latc GL_EXT_texture_integer GL_EXT_texture_sRGB_decode GL_EXT_timer_query GL_OES_EGL_image GL_ARB_copy_buffer GL_ARB_depth_buffer_float GL_ARB_draw_instanced GL_ARB_half_float_vertex GL_ARB_instanced_arrays GL_ARB_map_buffer_range GL_ARB_texture_rg GL_ARB_texture_swizzle GL_ARB_vertex_array_bgra GL_EXT_texture_swizzle GL_EXT_vertex_array_bgra GL_NV_conditional_render GL_AMD_conservative_depth GL_AMD_draw_buffers_blend GL_AMD_seamless_cubemap_per_texture GL_ARB_ES2_compatibility GL_ARB_blend_func_extended GL_ARB_debug_output GL_ARB_draw_buffers_blend GL_ARB_draw_elements_base_vertex GL_ARB_explicit_attrib_location GL_ARB_fragment_coord_conventions GL_ARB_provoking_vertex GL_ARB_sampler_objects GL_ARB_seamless_cube_map GL_ARB_shader_texture_lod GL_ARB_texture_cube_map_array GL_ARB_texture_multisample GL_ARB_texture_rgb10_a2ui GL_ARB_uniform_buffer_object GL_ARB_vertex_type_2_10_10_10_rev GL_EXT_provoking_vertex GL_EXT_texture_snorm GL_MESA_texture_signed_rgba GL_NV_texture_barrier GL_ARB_get_program_binary GL_ARB_robustness GL_ARB_shader_bit_encoding GL_ARB_timer_query GL_ARB_transform_feedback2 GL_ARB_transform_feedback3 GL_NV_vdpau_interop GL_ANGLE_texture_compression_dxt3 GL_ANGLE_texture_compression_dxt5 GL_ARB_base_instance GL_ARB_conservative_depth GL_ARB_internalformat_query GL_ARB_map_buffer_alignment GL_ARB_shading_language_420pack GL_ARB_shading_language_packing GL_ARB_texture_storage GL_ARB_transform_feedback_instanced GL_EXT_framebuffer_multisample_blit_scaled GL_EXT_transform_feedback GL_AMD_shader_trinary_minmax GL_ARB_clear_buffer_object GL_ARB_invalidate_subdata GL_ARB_texture_storage_multisample GL_ARB_vertex_attrib_binding GL_KHR_debug GL_ARB_texture_mirror_clamp_to_edge
08:14:58 T:140571910899648  NOTICE: Running database version Addons16
08:14:58 T:140571910899648  NOTICE: Running database version ViewModes6
08:14:58 T:140571910899648  NOTICE: Running database version Textures13
08:14:58 T:140571910899648  NOTICE: Running database version MyMusic48
08:14:58 T:140571910899648  NOTICE: Running database version MyVideos90
08:14:58 T:140571910899648  NOTICE: Running database version TV26
08:14:58 T:140571910899648  NOTICE: Running database version Epg8
08:14:58 T:140571910899648  NOTICE: start dvd mediatype detection
08:14:58 T:140571909400320  NOTICE: Thread DetectDVDMedia start, auto delete: false
08:14:58 T:140571910899648 WARNING: JSONRPC: Could not parse type "PVR.Details.Channel"
08:14:58 T:140571910899648 WARNING: JSONRPC: Could not parse type "PVR.Details.ChannelGroup.Extended"
08:14:58 T:140571910899648 WARNING: JSONRPC: Could not parse type "GUI.Property.Value"
08:14:58 T:140571910899648 WARNING: JSONRPC: Could not parse type "Setting.Details.SettingList"
08:14:58 T:140570849965824  NOTICE: Thread LanguageInvoker start, auto delete: false
08:14:58 T:140571910899648  NOTICE: initialize done
08:14:58 T:140571910899648  NOTICE: Running the application...
08:14:58 T:140570849965824  NOTICE: -->Python Interpreter Initialized<--
08:14:58 T:140570840000256  NOTICE: Thread JobWorker start, auto delete: true
08:14:58 T:140570831607552  NOTICE: Thread LanguageInvoker start, auto delete: false
08:14:58 T:140571910899648  NOTICE: starting zeroconf publishing
08:14:58 T:140571910899648  NOTICE: Webserver: Starting...
08:14:58 T:140570814560000  NOTICE: Thread JobWorker start, auto delete: true
08:14:58 T:140571910899648  NOTICE: WebServer: Started the webserver
08:14:58 T:140571910899648  NOTICE: ES: Starting event server
08:14:58 T:140570445997824  NOTICE: Thread JobWorker start, auto delete: true
08:14:58 T:140570437605120  NOTICE: Thread EventServer start, auto delete: false
08:14:58 T:140570437605120  NOTICE: ES: Starting UDP Event server on 0.0.0.0:9777
08:14:58 T:140570437605120  NOTICE: UDP: Listening on port 9777
08:14:58 T:140570429212416  NOTICE: Thread TCPServer start, auto delete: false
08:14:58 T:140570412427008  NOTICE: Thread AirPlayServer start, auto delete: false
08:14:58 T:140570831607552  NOTICE: -->Python Interpreter Initialized<--
08:14:58 T:140570831607552 WARNING: CPythonInvoker(1): Script invoked without an addon. Adding all addon modules installed to python path as fallback. This behaviour will be removed in future version.
08:14:58 T:140570831607552  NOTICE: Thread LanguageInvoker start, auto delete: false
08:14:58 T:140570831607552  NOTICE: -->Python Interpreter Initialized<--
08:14:59 T:140570831607552  NOTICE: Thread LanguageInvoker start, auto delete: false
08:14:59 T:140570831607552  NOTICE: -->Python Interpreter Initialized<--
08:14:59 T:140570159736576  NOTICE: Thread FileCache start, auto delete: false
08:14:59 T:140570831607552   ERROR: EXCEPTION Thrown (PythonToCppException) : -->Python callback/script returned the following error<--
                                             - NOTE: IGNORING THIS CAN LEAD TO MEMORY LEAKS!
                                            Error Type: <type 'exceptions.SyntaxError'>
                                            Error Contents: ('invalid syntax', ('/home/dave/.kodi/addons/script.audio.BT_BC127_HFP/addon.py', 302, 37, '        if controlID == self.button2:\n'))
                                            SyntaxError: ('invalid syntax', ('/home/dave/.kodi/addons/script.audio.BT_BC127_HFP/addon.py', 302, 37, '        if controlID == self.button2:\n'))
                                            -->End of Python script error report<--
08:14:59 T:140570159736576  NOTICE: Thread FileCache start, auto delete: false
08:17:42 T:140571487254272  NOTICE: Previous line repeats 2 times.
08:17:42 T:140571487254272  NOTICE: Thread LanguageInvoker start, auto delete: false
08:17:42 T:140571487254272  NOTICE: -->Python Interpreter Initialized<--
08:17:42 T:140571487254272   ERROR: EXCEPTION Thrown (PythonToCppException) : -->Python callback/script returned the following error<--
                                             - NOTE: IGNORING THIS CAN LEAD TO MEMORY LEAKS!
                                            Error Type: <type 'exceptions.SyntaxError'>
                                            Error Contents: ('invalid syntax', ('/home/dave/.kodi/addons/script.audio.BT_BC127_HFP/addon.py', 302, 37, '        if controlID == self.button2:\n'))
                                            SyntaxError: ('invalid syntax', ('/home/dave/.kodi/addons/script.audio.BT_BC127_HFP/addon.py', 302, 37, '        if controlID == self.button2:\n'))
                                            -->End of Python script error report<--
08:19:12 T:140571487254272  NOTICE: Thread LanguageInvoker start, auto delete: false
08:19:12 T:140571487254272  NOTICE: -->Python Interpreter Initialized<--
08:19:12 T:140571487254272   ERROR: EXCEPTION Thrown (PythonToCppException) : -->Python callback/script returned the following error<--
                                             - NOTE: IGNORING THIS CAN LEAD TO MEMORY LEAKS!
                                            Error Type: <type 'exceptions.SyntaxError'>
                                            Error Contents: ('invalid syntax', ('/home/dave/.kodi/addons/script.audio.BT_BC127_HFP/addon.py', 302, 37, '        if controlID == self.button2:\n'))
                                            SyntaxError: ('invalid syntax', ('/home/dave/.kodi/addons/script.audio.BT_BC127_HFP/addon.py', 302, 37, '        if controlID == self.button2:\n'))
                                            -->End of Python script error report<--
08:20:01 T:140571487254272  NOTICE: Thread LanguageInvoker start, auto delete: false
08:20:01 T:140571487254272  NOTICE: -->Python Interpreter Initialized<--
08:20:01 T:140571487254272   ERROR: EXCEPTION Thrown (PythonToCppException) : -->Python callback/script returned the following error<--
                                             - NOTE: IGNORING THIS CAN LEAD TO MEMORY LEAKS!
                                            Error Type: <type 'exceptions.SyntaxError'>
                                            Error Contents: ('invalid syntax', ('/home/dave/.kodi/addons/script.audio.BT_BC127_HFP/addon.py', 307, 37, '        if controlID == self.button2:\n'))
                                            SyntaxError: ('invalid syntax', ('/home/dave/.kodi/addons/script.audio.BT_BC127_HFP/addon.py', 307, 37, '        if controlID == self.button2:\n'))
                                            -->End of Python script error report<--
08:21:32 T:140571487254272  NOTICE: Thread LanguageInvoker start, auto delete: false
08:21:32 T:140571487254272  NOTICE: -->Python Interpreter Initialized<--
08:21:32 T:140571487254272   ERROR: EXCEPTION Thrown (PythonToCppException) : -->Python callback/script returned the following error<--
                                             - NOTE: IGNORING THIS CAN LEAD TO MEMORY LEAKS!
                                            Error Type: <type 'exceptions.SyntaxError'>
                                            Error Contents: ('invalid syntax', ('/home/dave/.kodi/addons/script.audio.BT_BC127_HFP/addon.py', 308, 37, '        if controlID == self.button2:\n'))
                                            SyntaxError: ('invalid syntax', ('/home/dave/.kodi/addons/script.audio.BT_BC127_HFP/addon.py', 308, 37, '        if controlID == self.button2:\n'))
                                            -->End of Python script error report<--
08:22:02 T:140571487254272  NOTICE: Thread LanguageInvoker start, auto delete: false
08:22:02 T:140571487254272  NOTICE: -->Python Interpreter Initialized<--
08:22:02 T:140571487254272   ERROR: EXCEPTION Thrown (PythonToCppException) : -->Python callback/script returned the following error<--
                                             - NOTE: IGNORING THIS CAN LEAD TO MEMORY LEAKS!
                                            Error Type: <type 'exceptions.SyntaxError'>
                                            Error Contents: ('invalid syntax', ('/home/dave/.kodi/addons/script.audio.BT_BC127_HFP/addon.py', 308, 37, '        if controlID == self.button2:\n'))
                                            SyntaxError: ('invalid syntax', ('/home/dave/.kodi/addons/script.audio.BT_BC127_HFP/addon.py', 308, 37, '        if controlID == self.button2:\n'))
                                            -->End of Python script error report<--
08:41:09 T:140571487254272  NOTICE: Thread JobWorker start, auto delete: true
08:41:09 T:140570814560000  NOTICE: Thread LanguageInvoker start, auto delete: false
08:41:09 T:140570814560000  NOTICE: -->Python Interpreter Initialized<--
08:41:09 T:140570840000256  NOTICE: Thread JobWorker start, auto delete: true
08:44:26 T:140571487254272  NOTICE: Thread LanguageInvoker start, auto delete: false
08:44:26 T:140571487254272  NOTICE: -->Python Interpreter Initialized<--
08:44:26 T:140571487254272   ERROR: EXCEPTION Thrown (PythonToCppException) : -->Python callback/script returned the following error<--
                                             - NOTE: IGNORING THIS CAN LEAD TO MEMORY LEAKS!
                                            Error Type: <type 'exceptions.SyntaxError'>
                                            Error Contents: ('invalid syntax', ('/home/dave/.kodi/addons/script.audio.BT_BC127_HFP/addon.py', 308, 37, '        if controlID == self.button2:\n'))
                                            SyntaxError: ('invalid syntax', ('/home/dave/.kodi/addons/script.audio.BT_BC127_HFP/addon.py', 308, 37, '        if controlID == self.button2:\n'))
                                            -->End of Python script error report<--
08:44:27 T:140571910899648 WARNING: Cleanup: Having to cleanup texture floor_button_t.png
08:44:27 T:140571910899648 WARNING: Cleanup: Having to cleanup texture icon_refresh_w.png
08:44:27 T:140571910899648 WARNING: Cleanup: Having to cleanup texture floor_buttonfo.png
08:44:28 T:140571487254272  NOTICE: Thread LanguageInvoker start, auto delete: false
08:44:28 T:140571487254272  NOTICE: -->Python Interpreter Initialized<--
08:44:28 T:140571487254272 WARNING: CPythonInvoker(11): Script invoked without an addon. Adding all addon modules installed to python path as fallback. This behaviour will be removed in future version.
08:44:28 T:140571910899648 WARNING: ReleaseTexture: Unable to release texture floor_button_t.png
08:44:28 T:140571910899648 WARNING: ReleaseTexture: Unable to release texture icon_refresh_w.png
08:44:28 T:140571910899648 WARNING: ReleaseTexture: Unable to release texture floor_buttonfo.png
08:44:28 T:140571910899648 WARNING: ReleaseTexture: Unable to release texture icon_refresh_w.png
08:44:28 T:140571487254272  NOTICE: Thread JobWorker start, auto delete: true
08:44:33 T:140570840000256  NOTICE: Thread LanguageInvoker start, auto delete: false
08:44:33 T:140570840000256  NOTICE: -->Python Interpreter Initialized<--
08:44:33 T:140570840000256   ERROR: EXCEPTION Thrown (PythonToCppException) : -->Python callback/script returned the following error<--
                                             - NOTE: IGNORING THIS CAN LEAD TO MEMORY LEAKS!
                                            Error Type: <type 'exceptions.SyntaxError'>
                                            Error Contents: ('invalid syntax', ('/home/dave/.kodi/addons/script.audio.BT_BC127_HFP/addon.py', 308, 37, '        if controlID == self.button2:\n'))
                                            SyntaxError: ('invalid syntax', ('/home/dave/.kodi/addons/script.audio.BT_BC127_HFP/addon.py', 308, 37, '        if controlID == self.button2:\n'))
                                            -->End of Python script error report<--
08:44:36 T:140571910899648 WARNING: Cleanup: Having to cleanup texture floor_button_t.png
08:44:36 T:140571910899648 WARNING: Cleanup: Having to cleanup texture icon_refresh_w.png
08:44:36 T:140571910899648 WARNING: Cleanup: Having to cleanup texture floor_buttonfo.png
08:44:36 T:140570840000256  NOTICE: Thread LanguageInvoker start, auto delete: false
08:44:36 T:140570840000256  NOTICE: -->Python Interpreter Initialized<--
08:44:36 T:140570840000256 WARNING: CPythonInvoker(13): Script invoked without an addon. Adding all addon modules installed to python path as fallback. This behaviour will be removed in future version.
08:44:36 T:140571910899648 WARNING: ReleaseTexture: Unable to release texture floor_button_t.png
08:44:36 T:140571910899648 WARNING: ReleaseTexture: Unable to release texture icon_refresh_w.png
08:44:36 T:140571910899648 WARNING: ReleaseTexture: Unable to release texture floor_buttonfo.png
08:44:36 T:140571910899648 WARNING: ReleaseTexture: Unable to release texture icon_refresh_w.png
08:47:35 T:140571910899648 WARNING: Cleanup: Having to cleanup texture floor_button_t.png
08:47:35 T:140571910899648 WARNING: Cleanup: Having to cleanup texture icon_refresh_w.png
08:47:35 T:140571910899648 WARNING: Cleanup: Having to cleanup texture floor_buttonfo.png
08:47:35 T:140571487254272  NOTICE: Thread LanguageInvoker start, auto delete: false
08:47:35 T:140571910899648 WARNING: ReleaseTexture: Unable to release texture floor_button_t.png
08:47:35 T:140571910899648 WARNING: ReleaseTexture: Unable to release texture icon_refresh_w.png
08:47:35 T:140571910899648 WARNING: ReleaseTexture: Unable to release texture floor_buttonfo.png
08:47:35 T:140571910899648 WARNING: ReleaseTexture: Unable to release texture icon_refresh_w.png
08:47:35 T:140570840000256  NOTICE: Thread JobWorker start, auto delete: true
08:47:35 T:140571487254272  NOTICE: -->Python Interpreter Initialized<--
08:47:35 T:140571487254272 WARNING: CPythonInvoker(14): Script invoked without an addon. Adding all addon modules installed to python path as fallback. This behaviour will be removed in future version.
08:47:36 T:140571487254272  NOTICE: Thread LanguageInvoker start, auto delete: false
08:47:36 T:140571487254272  NOTICE: -->Python Interpreter Initialized<--
08:47:36 T:140571487254272   ERROR: EXCEPTION Thrown (PythonToCppException) : -->Python callback/script returned the following error<--
                                             - NOTE: IGNORING THIS CAN LEAD TO MEMORY LEAKS!
                                            Error Type: <type 'exceptions.SyntaxError'>
                                            Error Contents: ('invalid syntax', ('/home/dave/.kodi/addons/script.audio.BT_BC127_HFP/addon.py', 307, 12, '        elif controlID == self.button2:\n'))
                                            SyntaxError: ('invalid syntax', ('/home/dave/.kodi/addons/script.audio.BT_BC127_HFP/addon.py', 307, 12, '        elif controlID == self.button2:\n'))
                                            -->End of Python script error report<--
08:48:33 T:140570840000256  NOTICE: Thread LanguageInvoker start, auto delete: false
08:48:33 T:140570840000256  NOTICE: -->Python Interpreter Initialized<--
08:48:37 T:140571487254272  NOTICE: Thread LanguageInvoker start, auto delete: false
08:48:37 T:140570814560000  NOTICE: Thread JobWorker start, auto delete: true
08:48:37 T:140571487254272  NOTICE: -->Python Interpreter Initialized<--
08:48:37 T:140571487254272 WARNING: CPythonInvoker(17): Script invoked without an addon. Adding all addon modules installed to python path as fallback. This behaviour will be removed in future version.
09:02:41 T:140570814560000  NOTICE: Thread LanguageInvoker start, auto delete: false
09:02:41 T:140570814560000  NOTICE: -->Python Interpreter Initialized<--
09:02:45 T:140570814560000   ERROR: EXCEPTION Thrown (PythonToCppException) : -->Python callback/script returned the following error<--
                                             - NOTE: IGNORING THIS CAN LEAD TO MEMORY LEAKS!
                                            Error Type: <type 'exceptions.TypeError'>
                                            Error Contents: CheckPhoneNumber() takes exactly 2 arguments (1 given)
                                            Traceback (most recent call last):
                                              File "/home/dave/.kodi/addons/script.audio.BT_BC127_HFP/addon.py", line 306, in onControl
                                                tmpstr = CheckPhoneNumber(str(currentPhNum1.getLabel()) + '1')
                                            TypeError: CheckPhoneNumber() takes exactly 2 arguments (1 given)
                                            -->End of Python script error report<--
09:02:57 T:140571487254272   ERROR: Previous line repeats 3 times.
09:02:57 T:140571487254272  NOTICE: Thread LanguageInvoker start, auto delete: false
09:02:57 T:140570840000256  NOTICE: Thread JobWorker start, auto delete: true
09:02:57 T:140571487254272  NOTICE: -->Python Interpreter Initialized<--
09:02:57 T:140571487254272 WARNING: CPythonInvoker(19): Script invoked without an addon. Adding all addon modules installed to python path as fallback. This behaviour will be removed in future version.
09:03:35 T:140570840000256  NOTICE: Thread LanguageInvoker start, auto delete: false
09:03:35 T:140570840000256  NOTICE: -->Python Interpreter Initialized<--
09:04:11 T:140571487254272  NOTICE: Thread LanguageInvoker start, auto delete: false
09:04:11 T:140570814560000  NOTICE: Thread JobWorker start, auto delete: true
09:04:11 T:140571487254272  NOTICE: -->Python Interpreter Initialized<--
09:04:11 T:140571487254272 WARNING: CPythonInvoker(21): Script invoked without an addon. Adding all addon modules installed to python path as fallback. This behaviour will be removed in future version.
09:06:52 T:140570814560000  NOTICE: Thread LanguageInvoker start, auto delete: false
09:06:52 T:140570814560000  NOTICE: -->Python Interpreter Initialized<--
09:07:22 T:140571487254272  NOTICE: Thread LanguageInvoker start, auto delete: false
09:07:22 T:140570840000256  NOTICE: Thread JobWorker start, auto delete: true
09:07:22 T:140570814560000   ERROR: EXCEPTION Thrown (PythonToCppException) : -->Python callback/script returned the following error<--
                                             - NOTE: IGNORING THIS CAN LEAD TO MEMORY LEAKS!
                                            Error Type: <type 'exceptions.UnboundLocalError'>
                                            Error Contents: local variable 'tmpstr' referenced before assignment
                                            Traceback (most recent call last):
                                              File "/home/dave/.kodi/addons/script.audio.BT_BC127_HFP/addon.py", line 327, in onControl
                                                currentPhNum1.setLabel(tmpstr)
                                            UnboundLocalError: local variable 'tmpstr' referenced before assignment
                                            -->End of Python script error report<--
09:07:22 T:140571487254272  NOTICE: -->Python Interpreter Initialized<--
09:07:22 T:140571487254272 WARNING: CPythonInvoker(23): Script invoked without an addon. Adding all addon modules installed to python path as fallback. This behaviour will be removed in future version.
09:14:45 T:140570840000256  NOTICE: Thread JobWorker start, auto delete: true
09:14:45 T:140571487254272  NOTICE: Thread LanguageInvoker start, auto delete: false
09:14:45 T:140571487254272  NOTICE: -->Python Interpreter Initialized<--
09:20:43 T:140570840000256  NOTICE: Thread LanguageInvoker start, auto delete: false
09:20:43 T:140570840000256  NOTICE: -->Python Interpreter Initialized<--
09:20:43 T:140571487254272   ERROR: Exception in thread Thread-1:
                                            Traceback (most recent call last):
                                              File "/usr/lib/python2.7/threading.py", line 810, in __bootstrap_inner
                                                self.run()
                                              File "/home/dave/.kodi/addons/script.audio.BT_BC127_HFP/addon.py", line 90, in run
                                                buttoncall.setenabled(False)
                                            NameError: global name 'buttoncall' is not defined
09:20:55 T:140571487254272  NOTICE: Thread LanguageInvoker start, auto delete: false
09:20:55 T:140570814560000  NOTICE: Thread JobWorker start, auto delete: true
09:20:55 T:140570840000256   ERROR: EXCEPTION Thrown (PythonToCppException) : -->Python callback/script returned the following error<--
                                             - NOTE: IGNORING THIS CAN LEAD TO MEMORY LEAKS!
                                            Error Type: <type 'exceptions.UnboundLocalError'>
                                            Error Contents: local variable 'tmpstr' referenced before assignment
                                            Traceback (most recent call last):
                                              File "/home/dave/.kodi/addons/script.audio.BT_BC127_HFP/addon.py", line 334, in onControl
                                                currentPhNum1.setLabel(tmpstr)
                                            UnboundLocalError: local variable 'tmpstr' referenced before assignment
                                            -->End of Python script error report<--
09:20:55 T:140571487254272  NOTICE: -->Python Interpreter Initialized<--
09:20:55 T:140571487254272 WARNING: CPythonInvoker(26): Script invoked without an addon. Adding all addon modules installed to python path as fallback. This behaviour will be removed in future version.
09:22:56 T:140570814560000  NOTICE: Thread LanguageInvoker start, auto delete: false
09:22:56 T:140570814560000  NOTICE: -->Python Interpreter Initialized<--
09:22:57 T:140571487254272   ERROR: Exception in thread Thread-1:
                                            Traceback (most recent call last):
                                              File "/usr/lib/python2.7/threading.py", line 810, in __bootstrap_inner
                                                self.run()
                                              File "/home/dave/.kodi/addons/script.audio.BT_BC127_HFP/addon.py", line 90, in run
                                                self.buttoncall.setenabled(False)
                                            AttributeError: 'updateThreadClass' object has no attribute 'buttoncall'
09:23:15 T:140571487254272  NOTICE: Thread LanguageInvoker start, auto delete: false
09:23:15 T:140570814560000   ERROR: EXCEPTION Thrown (PythonToCppException) : -->Python callback/script returned the following error<--
                                             - NOTE: IGNORING THIS CAN LEAD TO MEMORY LEAKS!
                                            Error Type: <type 'exceptions.UnboundLocalError'>
                                            Error Contents: local variable 'tmpstr' referenced before assignment
                                            Traceback (most recent call last):
                                              File "/home/dave/.kodi/addons/script.audio.BT_BC127_HFP/addon.py", line 334, in onControl
                                                currentPhNum1.setLabel(tmpstr)
                                            UnboundLocalError: local variable 'tmpstr' referenced before assignment
                                            -->End of Python script error report<--
09:23:15 T:140570840000256  NOTICE: Thread JobWorker start, auto delete: true
09:23:15 T:140571487254272  NOTICE: -->Python Interpreter Initialized<--
09:23:15 T:140571487254272 WARNING: CPythonInvoker(28): Script invoked without an addon. Adding all addon modules installed to python path as fallback. This behaviour will be removed in future version.
09:26:41 T:140570840000256  NOTICE: Thread LanguageInvoker start, auto delete: false
09:26:41 T:140570840000256  NOTICE: -->Python Interpreter Initialized<--
09:26:41 T:140571487254272   ERROR: Exception in thread Thread-1:
                                            Traceback (most recent call last):
                                              File "/usr/lib/python2.7/threading.py", line 810, in __bootstrap_inner
                                                self.run()
                                              File "/home/dave/.kodi/addons/script.audio.BT_BC127_HFP/addon.py", line 90, in run
                                                xbmc.buttoncall.setenabled(False)
                                            AttributeError: 'module' object has no attribute 'buttoncall'
09:26:46 T:140571487254272  NOTICE: Thread LanguageInvoker start, auto delete: false
09:26:46 T:140570814560000  NOTICE: Thread JobWorker start, auto delete: true
09:26:46 T:140571487254272  NOTICE: -->Python Interpreter Initialized<--
09:26:46 T:140571487254272 WARNING: CPythonInvoker(30): Script invoked without an addon. Adding all addon modules installed to python path as fallback. This behaviour will be removed in future version.
09:30:18 T:140570814560000  NOTICE: Thread LanguageInvoker start, auto delete: false
09:30:18 T:140570814560000  NOTICE: -->Python Interpreter Initialized<--
09:30:18 T:140571487254272   ERROR: Exception in thread Thread-1:
                                            Traceback (most recent call last):
                                              File "/usr/lib/python2.7/threading.py", line 810, in __bootstrap_inner
                                                self.run()
                                              File "/home/dave/.kodi/addons/script.audio.BT_BC127_HFP/addon.py", line 90, in run
                                                xbmcgui.buttoncall.setenabled(False)
                                            AttributeError: 'module' object has no attribute 'buttoncall'
09:30:23 T:140571487254272  NOTICE: Thread LanguageInvoker start, auto delete: false
09:30:23 T:140570840000256  NOTICE: Thread JobWorker start, auto delete: true
09:30:23 T:140571487254272  NOTICE: -->Python Interpreter Initialized<--
09:30:23 T:140571487254272 WARNING: CPythonInvoker(32): Script invoked without an addon. Adding all addon modules installed to python path as fallback. This behaviour will be removed in future version.
09:36:44 T:140570840000256  NOTICE: Thread LanguageInvoker start, auto delete: false
09:36:44 T:140570840000256  NOTICE: -->Python Interpreter Initialized<--
09:36:44 T:140571487254272  NOTICE: Thread LanguageInvoker start, auto delete: false
09:36:44 T:140571487254272  NOTICE: -->Python Interpreter Initialized<--
09:36:44 T:140570814560000   ERROR: Exception in thread Thread-1:
                                            Traceback (most recent call last):
                                              File "/usr/lib/python2.7/threading.py", line 810, in __bootstrap_inner
                                                self.run()
                                              File "/home/dave/.kodi/addons/script.audio.BT_BC127_HFP/addon.py", line 90, in run
                                                PhoneHPF.buttoncall.setenabled(False)
                                            AttributeError: type object 'PhoneHPF' has no attribute 'buttoncall'
09:36:50 T:140571487254272   ERROR: Previous line repeats 1 times.
09:36:50 T:140571487254272  NOTICE: Thread LanguageInvoker start, auto delete: false
09:36:50 T:140570814560000  NOTICE: Thread JobWorker start, auto delete: true
09:36:50 T:140571487254272  NOTICE: -->Python Interpreter Initialized<--
09:36:50 T:140571487254272 WARNING: CPythonInvoker(35): Script invoked without an addon. Adding all addon modules installed to python path as fallback. This behaviour will be removed in future version.
09:38:23 T:140570814560000  NOTICE: Thread LanguageInvoker start, auto delete: false
09:38:23 T:140570814560000  NOTICE: -->Python Interpreter Initialized<--
09:38:24 T:140571487254272   ERROR: Exception in thread Thread-1:
                                            Traceback (most recent call last):
                                              File "/usr/lib/python2.7/threading.py", line 810, in __bootstrap_inner
                                                self.run()
                                              File "/home/dave/.kodi/addons/script.audio.BT_BC127_HFP/addon.py", line 90, in run
                                                PhoneHPF.buttoncall.setenabled(False)
                                            AttributeError: type object 'PhoneHPF' has no attribute 'buttoncall'
09:38:28 T:140571487254272  NOTICE: Thread LanguageInvoker start, auto delete: false
09:38:28 T:140570840000256  NOTICE: Thread JobWorker start, auto delete: true
09:38:28 T:140571487254272  NOTICE: -->Python Interpreter Initialized<--
09:38:28 T:140571487254272 WARNING: CPythonInvoker(37): Script invoked without an addon. Adding all addon modules installed to python path as fallback. This behaviour will be removed in future version.
09:38:37 T:140571487254272  NOTICE: Thread LanguageInvoker start, auto delete: false
09:38:37 T:140571487254272  NOTICE: -->Python Interpreter Initialized<--
09:39:04 T:140571487254272  NOTICE: Thread LanguageInvoker start, auto delete: false
09:39:04 T:140571487254272  NOTICE: -->Python Interpreter Initialized<--
09:39:04 T:140570814560000   ERROR: Exception in thread Thread-1:
                                            Traceback (most recent call last):
                                              File "/usr/lib/python2.7/threading.py", line 810, in __bootstrap_inner
                                                self.run()
                                              File "/home/dave/.kodi/addons/script.audio.BT_BC127_HFP/addon.py", line 90, in run
                                                xbmcgui.PhoneHPF.buttoncall.setenabled(False)
                                            AttributeError: 'module' object has no attribute 'PhoneHPF'
09:39:08 T:140570840000256  NOTICE: Thread LanguageInvoker start, auto delete: false
09:39:08 T:140570814560000  NOTICE: Thread JobWorker start, auto delete: true
09:39:08 T:140570840000256  NOTICE: -->Python Interpreter Initialized<--
09:39:08 T:140570840000256 WARNING: CPythonInvoker(40): Script invoked without an addon. Adding all addon modules installed to python path as fallback. This behaviour will be removed in future version.
09:41:52 T:140570814560000  NOTICE: Thread LanguageInvoker start, auto delete: false
09:41:52 T:140570814560000  NOTICE: -->Python Interpreter Initialized<--
09:41:52 T:140570814560000   ERROR: EXCEPTION Thrown (PythonToCppException) : -->Python callback/script returned the following error<--
                                             - NOTE: IGNORING THIS CAN LEAD TO MEMORY LEAKS!
                                            Error Type: <type 'exceptions.NameError'>
                                            Error Contents: name 'self' is not defined
                                            Traceback (most recent call last):
                                              File "/home/dave/.kodi/addons/script.audio.BT_BC127_HFP/addon.py", line 60, in <module>
                                                0,0,TEXT_ALIGN_CENTER_X_CENTER_Y)
                                            NameError: name 'self' is not defined
                                            -->End of Python script error report<--
09:42:11 T:140570814560000  NOTICE: Thread LanguageInvoker start, auto delete: false
09:42:11 T:140570814560000  NOTICE: -->Python Interpreter Initialized<--
09:42:11 T:140570814560000   ERROR: EXCEPTION Thrown (PythonToCppException) : -->Python callback/script returned the following error<--
                                             - NOTE: IGNORING THIS CAN LEAD TO MEMORY LEAKS!
                                            Error Type: <type 'exceptions.AttributeError'>
                                            Error Contents: 'PhoneHPF' object has no attribute 'buttoncall'
                                            Traceback (most recent call last):
                                              File "/home/dave/.kodi/addons/script.audio.BT_BC127_HFP/addon.py", line 367, in <module>
                                                dialog = PhoneHPF()
                                              File "/home/dave/.kodi/addons/script.audio.BT_BC127_HFP/addon.py", line 229, in __init__
                                                self.addControl(self.buttoncall)
                                            AttributeError: 'PhoneHPF' object has no attribute 'buttoncall'
                                            -->End of Python script error report<--
09:43:28 T:140570814560000  NOTICE: Thread LanguageInvoker start, auto delete: false
09:43:28 T:140570814560000  NOTICE: -->Python Interpreter Initialized<--
09:43:28 T:140570840000256   ERROR: Exception in thread Thread-1:
                                            Traceback (most recent call last):
                                              File "/usr/lib/python2.7/threading.py", line 810, in __bootstrap_inner
                                                self.run()
                                              File "/home/dave/.kodi/addons/script.audio.BT_BC127_HFP/addon.py", line 94, in run
                                                buttoncall.setenabled(False)
                                            AttributeError: 'xbmcgui.ControlButton' object has no attribute 'setenabled'
09:43:33 T:140570840000256  NOTICE: Thread LanguageInvoker start, auto delete: false
09:43:33 T:140571487254272  NOTICE: Thread JobWorker start, auto delete: true
09:43:34 T:140570840000256  NOTICE: -->Python Interpreter Initialized<--
09:43:34 T:140570840000256 WARNING: CPythonInvoker(44): Script invoked without an addon. Adding all addon modules installed to python path as fallback. This behaviour will be removed in future version.
09:44:37 T:140571487254272  NOTICE: Thread LanguageInvoker start, auto delete: false
09:44:37 T:140571487254272  NOTICE: -->Python Interpreter Initialized<--
09:45:21 T:140570840000256  NOTICE: Thread LanguageInvoker start, auto delete: false
09:45:21 T:140570814560000  NOTICE: Thread JobWorker start, auto delete: true
09:45:21 T:140570840000256  NOTICE: -->Python Interpreter Initialized<--
09:45:21 T:140570840000256 WARNING: CPythonInvoker(46): Script invoked without an addon. Adding all addon modules installed to python path as fallback. This behaviour will be removed in future version.
10:12:03 T:140570814560000  NOTICE: Thread JobWorker start, auto delete: true
10:12:03 T:140570840000256  NOTICE: Thread LanguageInvoker start, auto delete: false
10:12:03 T:140570840000256  NOTICE: -->Python Interpreter Initialized<--
10:42:03 T:140570814560000  NOTICE: Thread JobWorker start, auto delete: true
10:42:03 T:140570840000256  NOTICE: Thread LanguageInvoker start, auto delete: false
10:42:03 T:140570840000256  NOTICE: -->Python Interpreter Initialized<--
11:12:04 T:140570814560000  NOTICE: Thread JobWorker start, auto delete: true
11:12:04 T:140570840000256  NOTICE: Thread LanguageInvoker start, auto delete: false
11:12:04 T:140570840000256  NOTICE: -->Python Interpreter Initialized<--
11:42:04 T:140570814560000  NOTICE: Thread JobWorker start, auto delete: true
11:42:04 T:140570840000256  NOTICE: Thread LanguageInvoker start, auto delete: false
11:42:04 T:140570840000256  NOTICE: -->Python Interpreter Initialized<--
12:12:05 T:140570814560000  NOTICE: Thread JobWorker start, auto delete: true
12:12:05 T:140570840000256  NOTICE: Thread LanguageInvoker start, auto delete: false
12:12:05 T:140570840000256  NOTICE: -->Python Interpreter Initialized<--
12:42:05 T:140570814560000  NOTICE: Thread JobWorker start, auto delete: true
12:42:05 T:140570840000256  NOTICE: Thread LanguageInvoker start, auto delete: false
12:42:05 T:140570840000256  NOTICE: -->Python Interpreter Initialized<--
12:42:06 T:140571487254272  NOTICE: Thread JobWorker start, auto delete: true
13:12:10 T:140570814560000  NOTICE: Previous line repeats 1 times.
13:12:10 T:140570814560000  NOTICE: Thread LanguageInvoker start, auto delete: false
13:12:10 T:140570814560000  NOTICE: -->Python Interpreter Initialized<--
13:12:11 T:140570840000256  NOTICE: Thread JobWorker start, auto delete: true
13:13:51 T:140570840000256  NOTICE: Thread LanguageInvoker start, auto delete: false
13:13:51 T:140570840000256  NOTICE: -->Python Interpreter Initialized<--
13:13:51 T:140570840000256 WARNING: CPythonInvoker(54): Script invoked without an addon. Adding all addon modules installed to python path as fallback. This behaviour will be removed in future version.
13:13:51 T:140571910899648  NOTICE: Storing total System Uptime
13:13:51 T:140571910899648  NOTICE: Saving settings
13:13:51 T:140571910899648  NOTICE: stop all
13:13:51 T:140571910899648  NOTICE: stop player
13:13:51 T:140571910899648  NOTICE: ES: Stopping event server
13:13:52 T:140570437605120  NOTICE: ES: UDP Event server stopped
13:13:52 T:140571910899648  NOTICE: stopping zeroconf publishing
13:13:52 T:140571910899648  NOTICE: Webserver: Stopping...
13:13:52 T:140571910899648  NOTICE: WebServer: Stopped the webserver
13:13:52 T:140571910899648  NOTICE: Webserver: Stopped...
13:13:52 T:140571910899648  NOTICE: stop dvd detect media
13:13:52 T:140571910899648  NOTICE: stop sap announcement listener
13:13:52 T:140571910899648  NOTICE: clean cached files!
13:13:52 T:140571910899648  NOTICE: unload skin
13:13:52 T:140571910899648  NOTICE: stopped
13:13:52 T:140571910899648  NOTICE: destroy
13:13:52 T:140571910899648  NOTICE: closing down remote control service
13:13:52 T:140571910899648  NOTICE: unload sections
13:13:52 T:140571910899648  NOTICE: special://profile/ is mapped to: special://masterprofile/
13:13:52 T:140571910899648  NOTICE: destroy
13:13:52 T:140571910899648 WARNING: Attempted to remove window 10013 from the window manager when it didn't exist
13:13:52 T:140571910899648 WARNING: Attempted to remove window 10014 from the window manager when it didn't exist
13:13:52 T:140571910899648 WARNING: Attempted to remove window 10015 from the window manager when it didn't exist
13:13:52 T:140571910899648 WARNING: Attempted to remove window 10016 from the window manager when it didn't exist
13:13:52 T:140571910899648 WARNING: Attempted to remove window 10017 from the window manager when it didn't exist
13:13:52 T:140571910899648 WARNING: Attempted to remove window 10018 from the window manager when it didn't exist
13:13:52 T:140571910899648 WARNING: Attempted to remove window 10019 from the window manager when it didn't exist
13:13:52 T:140571910899648 WARNING: Attempted to remove window 10021 from the window manager when it didn't exist
13:13:52 T:140571910899648 WARNING: Attempted to remove window 10107 from the window manager when it didn't exist
13:13:52 T:140571910899648 WARNING: Attempted to remove window 10115 from the window manager when it didn't exist
13:13:52 T:140571910899648 WARNING: Attempted to remove window 10104 from the window manager when it didn't exist
13:13:52 T:140571910899648  NOTICE: closing down remote control service
13:13:52 T:140571910899648  NOTICE: unload sections
13:13:52 T:140571910899648  NOTICE: application stopped...
