The system is: Linux - 3.13.0-55-generic - x86_64
Compiling the C compiler identification source file "CMakeCCompilerId.c" succeeded.
Compiler: /usr/bin/cc 
Build flags: 
Id flags: 

The output was:
0


Compilation of the C compiler identification source "CMakeCCompilerId.c" produced "a.out"

The C compiler identification is GNU, found in "/home/dave/.kodi/temp/src/obdgpslogger-0.16/build/CMakeFiles/2.8.12.2/CompilerIdC/a.out"

Compiling the CXX compiler identification source file "CMakeCXXCompilerId.cpp" succeeded.
Compiler: /usr/bin/c++ 
Build flags: 
Id flags: 

The output was:
0


Compilation of the CXX compiler identification source "CMakeCXXCompilerId.cpp" produced "a.out"

The CXX compiler identification is GNU, found in "/home/dave/.kodi/temp/src/obdgpslogger-0.16/build/CMakeFiles/2.8.12.2/CompilerIdCXX/a.out"

Determining if the C compiler works passed with the following output:
Change Dir: /home/dave/.kodi/temp/src/obdgpslogger-0.16/build/CMakeFiles/CMakeTmp

Run Build Command:/usr/bin/make "cmTryCompileExec1724848560/fast"
/usr/bin/make -f CMakeFiles/cmTryCompileExec1724848560.dir/build.make CMakeFiles/cmTryCompileExec1724848560.dir/build
make[1]: Entering directory `/home/dave/.kodi/temp/src/obdgpslogger-0.16/build/CMakeFiles/CMakeTmp'
/usr/bin/cmake -E cmake_progress_report /home/dave/.kodi/temp/src/obdgpslogger-0.16/build/CMakeFiles/CMakeTmp/CMakeFiles 1
Building C object CMakeFiles/cmTryCompileExec1724848560.dir/testCCompiler.c.o
/usr/bin/cc    -o CMakeFiles/cmTryCompileExec1724848560.dir/testCCompiler.c.o   -c /home/dave/.kodi/temp/src/obdgpslogger-0.16/build/CMakeFiles/CMakeTmp/testCCompiler.c
Linking C executable cmTryCompileExec1724848560
/usr/bin/cmake -E cmake_link_script CMakeFiles/cmTryCompileExec1724848560.dir/link.txt --verbose=1
/usr/bin/cc       CMakeFiles/cmTryCompileExec1724848560.dir/testCCompiler.c.o  -o cmTryCompileExec1724848560 -rdynamic 
make[1]: Leaving directory `/home/dave/.kodi/temp/src/obdgpslogger-0.16/build/CMakeFiles/CMakeTmp'


Detecting C compiler ABI info compiled with the following output:
Change Dir: /home/dave/.kodi/temp/src/obdgpslogger-0.16/build/CMakeFiles/CMakeTmp

Run Build Command:/usr/bin/make "cmTryCompileExec3660516931/fast"
/usr/bin/make -f CMakeFiles/cmTryCompileExec3660516931.dir/build.make CMakeFiles/cmTryCompileExec3660516931.dir/build
make[1]: Entering directory `/home/dave/.kodi/temp/src/obdgpslogger-0.16/build/CMakeFiles/CMakeTmp'
/usr/bin/cmake -E cmake_progress_report /home/dave/.kodi/temp/src/obdgpslogger-0.16/build/CMakeFiles/CMakeTmp/CMakeFiles 1
Building C object CMakeFiles/cmTryCompileExec3660516931.dir/CMakeCCompilerABI.c.o
/usr/bin/cc    -o CMakeFiles/cmTryCompileExec3660516931.dir/CMakeCCompilerABI.c.o   -c /usr/share/cmake-2.8/Modules/CMakeCCompilerABI.c
Linking C executable cmTryCompileExec3660516931
/usr/bin/cmake -E cmake_link_script CMakeFiles/cmTryCompileExec3660516931.dir/link.txt --verbose=1
/usr/bin/cc     -v CMakeFiles/cmTryCompileExec3660516931.dir/CMakeCCompilerABI.c.o  -o cmTryCompileExec3660516931 -rdynamic  
Using built-in specs.
COLLECT_GCC=/usr/bin/cc
COLLECT_LTO_WRAPPER=/usr/lib/gcc/x86_64-linux-gnu/4.8/lto-wrapper
Target: x86_64-linux-gnu
Configured with: ../src/configure -v --with-pkgversion='Ubuntu 4.8.4-2ubuntu1~14.04' --with-bugurl=file:///usr/share/doc/gcc-4.8/README.Bugs --enable-languages=c,c++,java,go,d,fortran,objc,obj-c++ --prefix=/usr --program-suffix=-4.8 --enable-shared --enable-linker-build-id --libexecdir=/usr/lib --without-included-gettext --enable-threads=posix --with-gxx-include-dir=/usr/include/c++/4.8 --libdir=/usr/lib --enable-nls --with-sysroot=/ --enable-clocale=gnu --enable-libstdcxx-debug --enable-libstdcxx-time=yes --enable-gnu-unique-object --disable-libmudflap --enable-plugin --with-system-zlib --disable-browser-plugin --enable-java-awt=gtk --enable-gtk-cairo --with-java-home=/usr/lib/jvm/java-1.5.0-gcj-4.8-amd64/jre --enable-java-home --with-jvm-root-dir=/usr/lib/jvm/java-1.5.0-gcj-4.8-amd64 --with-jvm-jar-dir=/usr/lib/jvm-exports/java-1.5.0-gcj-4.8-amd64 --with-arch-directory=amd64 --with-ecj-jar=/usr/share/java/eclipse-ecj.jar --enable-objc-gc --enable-multiarch --disable-werror --with-arch-32=i686 --with-abi=m64 --with-multilib-list=m32,m64,mx32 --with-tune=generic --enable-checking=release --build=x86_64-linux-gnu --host=x86_64-linux-gnu --target=x86_64-linux-gnu
Thread model: posix
gcc version 4.8.4 (Ubuntu 4.8.4-2ubuntu1~14.04) 
COMPILER_PATH=/usr/lib/gcc/x86_64-linux-gnu/4.8/:/usr/lib/gcc/x86_64-linux-gnu/4.8/:/usr/lib/gcc/x86_64-linux-gnu/:/usr/lib/gcc/x86_64-linux-gnu/4.8/:/usr/lib/gcc/x86_64-linux-gnu/
LIBRARY_PATH=/usr/lib/gcc/x86_64-linux-gnu/4.8/:/usr/lib/gcc/x86_64-linux-gnu/4.8/../../../x86_64-linux-gnu/:/usr/lib/gcc/x86_64-linux-gnu/4.8/../../../../lib/:/lib/x86_64-linux-gnu/:/lib/../lib/:/usr/lib/x86_64-linux-gnu/:/usr/lib/../lib/:/usr/lib/gcc/x86_64-linux-gnu/4.8/../../../:/lib/:/usr/lib/
COLLECT_GCC_OPTIONS='-v' '-o' 'cmTryCompileExec3660516931' '-rdynamic' '-mtune=generic' '-march=x86-64'
 /usr/lib/gcc/x86_64-linux-gnu/4.8/collect2 --sysroot=/ --build-id --eh-frame-hdr -m elf_x86_64 --hash-style=gnu --as-needed -export-dynamic -dynamic-linker /lib64/ld-linux-x86-64.so.2 -z relro -o cmTryCompileExec3660516931 /usr/lib/gcc/x86_64-linux-gnu/4.8/../../../x86_64-linux-gnu/crt1.o /usr/lib/gcc/x86_64-linux-gnu/4.8/../../../x86_64-linux-gnu/crti.o /usr/lib/gcc/x86_64-linux-gnu/4.8/crtbegin.o -L/usr/lib/gcc/x86_64-linux-gnu/4.8 -L/usr/lib/gcc/x86_64-linux-gnu/4.8/../../../x86_64-linux-gnu -L/usr/lib/gcc/x86_64-linux-gnu/4.8/../../../../lib -L/lib/x86_64-linux-gnu -L/lib/../lib -L/usr/lib/x86_64-linux-gnu -L/usr/lib/../lib -L/usr/lib/gcc/x86_64-linux-gnu/4.8/../../.. CMakeFiles/cmTryCompileExec3660516931.dir/CMakeCCompilerABI.c.o -lgcc --as-needed -lgcc_s --no-as-needed -lc -lgcc --as-needed -lgcc_s --no-as-needed /usr/lib/gcc/x86_64-linux-gnu/4.8/crtend.o /usr/lib/gcc/x86_64-linux-gnu/4.8/../../../x86_64-linux-gnu/crtn.o
make[1]: Leaving directory `/home/dave/.kodi/temp/src/obdgpslogger-0.16/build/CMakeFiles/CMakeTmp'


Parsed C implicit link information from above output:
  link line regex: [^( *|.*[/\])(ld|([^/\]+-)?ld|collect2)[^/\]*( |$)]
  ignore line: [Change Dir: /home/dave/.kodi/temp/src/obdgpslogger-0.16/build/CMakeFiles/CMakeTmp]
  ignore line: []
  ignore line: [Run Build Command:/usr/bin/make "cmTryCompileExec3660516931/fast"]
  ignore line: [/usr/bin/make -f CMakeFiles/cmTryCompileExec3660516931.dir/build.make CMakeFiles/cmTryCompileExec3660516931.dir/build]
  ignore line: [make[1]: Entering directory `/home/dave/.kodi/temp/src/obdgpslogger-0.16/build/CMakeFiles/CMakeTmp']
  ignore line: [/usr/bin/cmake -E cmake_progress_report /home/dave/.kodi/temp/src/obdgpslogger-0.16/build/CMakeFiles/CMakeTmp/CMakeFiles 1]
  ignore line: [Building C object CMakeFiles/cmTryCompileExec3660516931.dir/CMakeCCompilerABI.c.o]
  ignore line: [/usr/bin/cc    -o CMakeFiles/cmTryCompileExec3660516931.dir/CMakeCCompilerABI.c.o   -c /usr/share/cmake-2.8/Modules/CMakeCCompilerABI.c]
  ignore line: [Linking C executable cmTryCompileExec3660516931]
  ignore line: [/usr/bin/cmake -E cmake_link_script CMakeFiles/cmTryCompileExec3660516931.dir/link.txt --verbose=1]
  ignore line: [/usr/bin/cc     -v CMakeFiles/cmTryCompileExec3660516931.dir/CMakeCCompilerABI.c.o  -o cmTryCompileExec3660516931 -rdynamic  ]
  ignore line: [Using built-in specs.]
  ignore line: [COLLECT_GCC=/usr/bin/cc]
  ignore line: [COLLECT_LTO_WRAPPER=/usr/lib/gcc/x86_64-linux-gnu/4.8/lto-wrapper]
  ignore line: [Target: x86_64-linux-gnu]
  ignore line: [Configured with: ../src/configure -v --with-pkgversion='Ubuntu 4.8.4-2ubuntu1~14.04' --with-bugurl=file:///usr/share/doc/gcc-4.8/README.Bugs --enable-languages=c,c++,java,go,d,fortran,objc,obj-c++ --prefix=/usr --program-suffix=-4.8 --enable-shared --enable-linker-build-id --libexecdir=/usr/lib --without-included-gettext --enable-threads=posix --with-gxx-include-dir=/usr/include/c++/4.8 --libdir=/usr/lib --enable-nls --with-sysroot=/ --enable-clocale=gnu --enable-libstdcxx-debug --enable-libstdcxx-time=yes --enable-gnu-unique-object --disable-libmudflap --enable-plugin --with-system-zlib --disable-browser-plugin --enable-java-awt=gtk --enable-gtk-cairo --with-java-home=/usr/lib/jvm/java-1.5.0-gcj-4.8-amd64/jre --enable-java-home --with-jvm-root-dir=/usr/lib/jvm/java-1.5.0-gcj-4.8-amd64 --with-jvm-jar-dir=/usr/lib/jvm-exports/java-1.5.0-gcj-4.8-amd64 --with-arch-directory=amd64 --with-ecj-jar=/usr/share/java/eclipse-ecj.jar --enable-objc-gc --enable-multiarch --disable-werror --with-arch-32=i686 --with-abi=m64 --with-multilib-list=m32,m64,mx32 --with-tune=generic --enable-checking=release --build=x86_64-linux-gnu --host=x86_64-linux-gnu --target=x86_64-linux-gnu]
  ignore line: [Thread model: posix]
  ignore line: [gcc version 4.8.4 (Ubuntu 4.8.4-2ubuntu1~14.04) ]
  ignore line: [COMPILER_PATH=/usr/lib/gcc/x86_64-linux-gnu/4.8/:/usr/lib/gcc/x86_64-linux-gnu/4.8/:/usr/lib/gcc/x86_64-linux-gnu/:/usr/lib/gcc/x86_64-linux-gnu/4.8/:/usr/lib/gcc/x86_64-linux-gnu/]
  ignore line: [LIBRARY_PATH=/usr/lib/gcc/x86_64-linux-gnu/4.8/:/usr/lib/gcc/x86_64-linux-gnu/4.8/../../../x86_64-linux-gnu/:/usr/lib/gcc/x86_64-linux-gnu/4.8/../../../../lib/:/lib/x86_64-linux-gnu/:/lib/../lib/:/usr/lib/x86_64-linux-gnu/:/usr/lib/../lib/:/usr/lib/gcc/x86_64-linux-gnu/4.8/../../../:/lib/:/usr/lib/]
  ignore line: [COLLECT_GCC_OPTIONS='-v' '-o' 'cmTryCompileExec3660516931' '-rdynamic' '-mtune=generic' '-march=x86-64']
  link line: [ /usr/lib/gcc/x86_64-linux-gnu/4.8/collect2 --sysroot=/ --build-id --eh-frame-hdr -m elf_x86_64 --hash-style=gnu --as-needed -export-dynamic -dynamic-linker /lib64/ld-linux-x86-64.so.2 -z relro -o cmTryCompileExec3660516931 /usr/lib/gcc/x86_64-linux-gnu/4.8/../../../x86_64-linux-gnu/crt1.o /usr/lib/gcc/x86_64-linux-gnu/4.8/../../../x86_64-linux-gnu/crti.o /usr/lib/gcc/x86_64-linux-gnu/4.8/crtbegin.o -L/usr/lib/gcc/x86_64-linux-gnu/4.8 -L/usr/lib/gcc/x86_64-linux-gnu/4.8/../../../x86_64-linux-gnu -L/usr/lib/gcc/x86_64-linux-gnu/4.8/../../../../lib -L/lib/x86_64-linux-gnu -L/lib/../lib -L/usr/lib/x86_64-linux-gnu -L/usr/lib/../lib -L/usr/lib/gcc/x86_64-linux-gnu/4.8/../../.. CMakeFiles/cmTryCompileExec3660516931.dir/CMakeCCompilerABI.c.o -lgcc --as-needed -lgcc_s --no-as-needed -lc -lgcc --as-needed -lgcc_s --no-as-needed /usr/lib/gcc/x86_64-linux-gnu/4.8/crtend.o /usr/lib/gcc/x86_64-linux-gnu/4.8/../../../x86_64-linux-gnu/crtn.o]
    arg [/usr/lib/gcc/x86_64-linux-gnu/4.8/collect2] ==> ignore
    arg [--sysroot=/] ==> ignore
    arg [--build-id] ==> ignore
    arg [--eh-frame-hdr] ==> ignore
    arg [-m] ==> ignore
    arg [elf_x86_64] ==> ignore
    arg [--hash-style=gnu] ==> ignore
    arg [--as-needed] ==> ignore
    arg [-export-dynamic] ==> ignore
    arg [-dynamic-linker] ==> ignore
    arg [/lib64/ld-linux-x86-64.so.2] ==> ignore
    arg [-zrelro] ==> ignore
    arg [-o] ==> ignore
    arg [cmTryCompileExec3660516931] ==> ignore
    arg [/usr/lib/gcc/x86_64-linux-gnu/4.8/../../../x86_64-linux-gnu/crt1.o] ==> ignore
    arg [/usr/lib/gcc/x86_64-linux-gnu/4.8/../../../x86_64-linux-gnu/crti.o] ==> ignore
    arg [/usr/lib/gcc/x86_64-linux-gnu/4.8/crtbegin.o] ==> ignore
    arg [-L/usr/lib/gcc/x86_64-linux-gnu/4.8] ==> dir [/usr/lib/gcc/x86_64-linux-gnu/4.8]
    arg [-L/usr/lib/gcc/x86_64-linux-gnu/4.8/../../../x86_64-linux-gnu] ==> dir [/usr/lib/gcc/x86_64-linux-gnu/4.8/../../../x86_64-linux-gnu]
    arg [-L/usr/lib/gcc/x86_64-linux-gnu/4.8/../../../../lib] ==> dir [/usr/lib/gcc/x86_64-linux-gnu/4.8/../../../../lib]
    arg [-L/lib/x86_64-linux-gnu] ==> dir [/lib/x86_64-linux-gnu]
    arg [-L/lib/../lib] ==> dir [/lib/../lib]
    arg [-L/usr/lib/x86_64-linux-gnu] ==> dir [/usr/lib/x86_64-linux-gnu]
    arg [-L/usr/lib/../lib] ==> dir [/usr/lib/../lib]
    arg [-L/usr/lib/gcc/x86_64-linux-gnu/4.8/../../..] ==> dir [/usr/lib/gcc/x86_64-linux-gnu/4.8/../../..]
    arg [CMakeFiles/cmTryCompileExec3660516931.dir/CMakeCCompilerABI.c.o] ==> ignore
    arg [-lgcc] ==> lib [gcc]
    arg [--as-needed] ==> ignore
    arg [-lgcc_s] ==> lib [gcc_s]
    arg [--no-as-needed] ==> ignore
    arg [-lc] ==> lib [c]
    arg [-lgcc] ==> lib [gcc]
    arg [--as-needed] ==> ignore
    arg [-lgcc_s] ==> lib [gcc_s]
    arg [--no-as-needed] ==> ignore
    arg [/usr/lib/gcc/x86_64-linux-gnu/4.8/crtend.o] ==> ignore
    arg [/usr/lib/gcc/x86_64-linux-gnu/4.8/../../../x86_64-linux-gnu/crtn.o] ==> ignore
  remove lib [gcc]
  remove lib [gcc_s]
  remove lib [gcc]
  remove lib [gcc_s]
  collapse library dir [/usr/lib/gcc/x86_64-linux-gnu/4.8] ==> [/usr/lib/gcc/x86_64-linux-gnu/4.8]
  collapse library dir [/usr/lib/gcc/x86_64-linux-gnu/4.8/../../../x86_64-linux-gnu] ==> [/usr/lib/x86_64-linux-gnu]
  collapse library dir [/usr/lib/gcc/x86_64-linux-gnu/4.8/../../../../lib] ==> [/usr/lib]
  collapse library dir [/lib/x86_64-linux-gnu] ==> [/lib/x86_64-linux-gnu]
  collapse library dir [/lib/../lib] ==> [/lib]
  collapse library dir [/usr/lib/x86_64-linux-gnu] ==> [/usr/lib/x86_64-linux-gnu]
  collapse library dir [/usr/lib/../lib] ==> [/usr/lib]
  collapse library dir [/usr/lib/gcc/x86_64-linux-gnu/4.8/../../..] ==> [/usr/lib]
  implicit libs: [c]
  implicit dirs: [/usr/lib/gcc/x86_64-linux-gnu/4.8;/usr/lib/x86_64-linux-gnu;/usr/lib;/lib/x86_64-linux-gnu;/lib]
  implicit fwks: []


Determining if the CXX compiler works passed with the following output:
Change Dir: /home/dave/.kodi/temp/src/obdgpslogger-0.16/build/CMakeFiles/CMakeTmp

Run Build Command:/usr/bin/make "cmTryCompileExec3884593049/fast"
/usr/bin/make -f CMakeFiles/cmTryCompileExec3884593049.dir/build.make CMakeFiles/cmTryCompileExec3884593049.dir/build
make[1]: Entering directory `/home/dave/.kodi/temp/src/obdgpslogger-0.16/build/CMakeFiles/CMakeTmp'
/usr/bin/cmake -E cmake_progress_report /home/dave/.kodi/temp/src/obdgpslogger-0.16/build/CMakeFiles/CMakeTmp/CMakeFiles 1
Building CXX object CMakeFiles/cmTryCompileExec3884593049.dir/testCXXCompiler.cxx.o
/usr/bin/c++     -o CMakeFiles/cmTryCompileExec3884593049.dir/testCXXCompiler.cxx.o -c /home/dave/.kodi/temp/src/obdgpslogger-0.16/build/CMakeFiles/CMakeTmp/testCXXCompiler.cxx
Linking CXX executable cmTryCompileExec3884593049
/usr/bin/cmake -E cmake_link_script CMakeFiles/cmTryCompileExec3884593049.dir/link.txt --verbose=1
/usr/bin/c++        CMakeFiles/cmTryCompileExec3884593049.dir/testCXXCompiler.cxx.o  -o cmTryCompileExec3884593049 -rdynamic 
make[1]: Leaving directory `/home/dave/.kodi/temp/src/obdgpslogger-0.16/build/CMakeFiles/CMakeTmp'


Detecting CXX compiler ABI info compiled with the following output:
Change Dir: /home/dave/.kodi/temp/src/obdgpslogger-0.16/build/CMakeFiles/CMakeTmp

Run Build Command:/usr/bin/make "cmTryCompileExec3065039934/fast"
/usr/bin/make -f CMakeFiles/cmTryCompileExec3065039934.dir/build.make CMakeFiles/cmTryCompileExec3065039934.dir/build
make[1]: Entering directory `/home/dave/.kodi/temp/src/obdgpslogger-0.16/build/CMakeFiles/CMakeTmp'
/usr/bin/cmake -E cmake_progress_report /home/dave/.kodi/temp/src/obdgpslogger-0.16/build/CMakeFiles/CMakeTmp/CMakeFiles 1
Building CXX object CMakeFiles/cmTryCompileExec3065039934.dir/CMakeCXXCompilerABI.cpp.o
/usr/bin/c++     -o CMakeFiles/cmTryCompileExec3065039934.dir/CMakeCXXCompilerABI.cpp.o -c /usr/share/cmake-2.8/Modules/CMakeCXXCompilerABI.cpp
Linking CXX executable cmTryCompileExec3065039934
/usr/bin/cmake -E cmake_link_script CMakeFiles/cmTryCompileExec3065039934.dir/link.txt --verbose=1
/usr/bin/c++      -v CMakeFiles/cmTryCompileExec3065039934.dir/CMakeCXXCompilerABI.cpp.o  -o cmTryCompileExec3065039934 -rdynamic  
Using built-in specs.
COLLECT_GCC=/usr/bin/c++
COLLECT_LTO_WRAPPER=/usr/lib/gcc/x86_64-linux-gnu/4.8/lto-wrapper
Target: x86_64-linux-gnu
Configured with: ../src/configure -v --with-pkgversion='Ubuntu 4.8.4-2ubuntu1~14.04' --with-bugurl=file:///usr/share/doc/gcc-4.8/README.Bugs --enable-languages=c,c++,java,go,d,fortran,objc,obj-c++ --prefix=/usr --program-suffix=-4.8 --enable-shared --enable-linker-build-id --libexecdir=/usr/lib --without-included-gettext --enable-threads=posix --with-gxx-include-dir=/usr/include/c++/4.8 --libdir=/usr/lib --enable-nls --with-sysroot=/ --enable-clocale=gnu --enable-libstdcxx-debug --enable-libstdcxx-time=yes --enable-gnu-unique-object --disable-libmudflap --enable-plugin --with-system-zlib --disable-browser-plugin --enable-java-awt=gtk --enable-gtk-cairo --with-java-home=/usr/lib/jvm/java-1.5.0-gcj-4.8-amd64/jre --enable-java-home --with-jvm-root-dir=/usr/lib/jvm/java-1.5.0-gcj-4.8-amd64 --with-jvm-jar-dir=/usr/lib/jvm-exports/java-1.5.0-gcj-4.8-amd64 --with-arch-directory=amd64 --with-ecj-jar=/usr/share/java/eclipse-ecj.jar --enable-objc-gc --enable-multiarch --disable-werror --with-arch-32=i686 --with-abi=m64 --with-multilib-list=m32,m64,mx32 --with-tune=generic --enable-checking=release --build=x86_64-linux-gnu --host=x86_64-linux-gnu --target=x86_64-linux-gnu
Thread model: posix
gcc version 4.8.4 (Ubuntu 4.8.4-2ubuntu1~14.04) 
COMPILER_PATH=/usr/lib/gcc/x86_64-linux-gnu/4.8/:/usr/lib/gcc/x86_64-linux-gnu/4.8/:/usr/lib/gcc/x86_64-linux-gnu/:/usr/lib/gcc/x86_64-linux-gnu/4.8/:/usr/lib/gcc/x86_64-linux-gnu/
LIBRARY_PATH=/usr/lib/gcc/x86_64-linux-gnu/4.8/:/usr/lib/gcc/x86_64-linux-gnu/4.8/../../../x86_64-linux-gnu/:/usr/lib/gcc/x86_64-linux-gnu/4.8/../../../../lib/:/lib/x86_64-linux-gnu/:/lib/../lib/:/usr/lib/x86_64-linux-gnu/:/usr/lib/../lib/:/usr/lib/gcc/x86_64-linux-gnu/4.8/../../../:/lib/:/usr/lib/
COLLECT_GCC_OPTIONS='-v' '-o' 'cmTryCompileExec3065039934' '-rdynamic' '-shared-libgcc' '-mtune=generic' '-march=x86-64'
 /usr/lib/gcc/x86_64-linux-gnu/4.8/collect2 --sysroot=/ --build-id --eh-frame-hdr -m elf_x86_64 --hash-style=gnu --as-needed -export-dynamic -dynamic-linker /lib64/ld-linux-x86-64.so.2 -z relro -o cmTryCompileExec3065039934 /usr/lib/gcc/x86_64-linux-gnu/4.8/../../../x86_64-linux-gnu/crt1.o /usr/lib/gcc/x86_64-linux-gnu/4.8/../../../x86_64-linux-gnu/crti.o /usr/lib/gcc/x86_64-linux-gnu/4.8/crtbegin.o -L/usr/lib/gcc/x86_64-linux-gnu/4.8 -L/usr/lib/gcc/x86_64-linux-gnu/4.8/../../../x86_64-linux-gnu -L/usr/lib/gcc/x86_64-linux-gnu/4.8/../../../../lib -L/lib/x86_64-linux-gnu -L/lib/../lib -L/usr/lib/x86_64-linux-gnu -L/usr/lib/../lib -L/usr/lib/gcc/x86_64-linux-gnu/4.8/../../.. CMakeFiles/cmTryCompileExec3065039934.dir/CMakeCXXCompilerABI.cpp.o -lstdc++ -lm -lgcc_s -lgcc -lc -lgcc_s -lgcc /usr/lib/gcc/x86_64-linux-gnu/4.8/crtend.o /usr/lib/gcc/x86_64-linux-gnu/4.8/../../../x86_64-linux-gnu/crtn.o
make[1]: Leaving directory `/home/dave/.kodi/temp/src/obdgpslogger-0.16/build/CMakeFiles/CMakeTmp'


Parsed CXX implicit link information from above output:
  link line regex: [^( *|.*[/\])(ld|([^/\]+-)?ld|collect2)[^/\]*( |$)]
  ignore line: [Change Dir: /home/dave/.kodi/temp/src/obdgpslogger-0.16/build/CMakeFiles/CMakeTmp]
  ignore line: []
  ignore line: [Run Build Command:/usr/bin/make "cmTryCompileExec3065039934/fast"]
  ignore line: [/usr/bin/make -f CMakeFiles/cmTryCompileExec3065039934.dir/build.make CMakeFiles/cmTryCompileExec3065039934.dir/build]
  ignore line: [make[1]: Entering directory `/home/dave/.kodi/temp/src/obdgpslogger-0.16/build/CMakeFiles/CMakeTmp']
  ignore line: [/usr/bin/cmake -E cmake_progress_report /home/dave/.kodi/temp/src/obdgpslogger-0.16/build/CMakeFiles/CMakeTmp/CMakeFiles 1]
  ignore line: [Building CXX object CMakeFiles/cmTryCompileExec3065039934.dir/CMakeCXXCompilerABI.cpp.o]
  ignore line: [/usr/bin/c++     -o CMakeFiles/cmTryCompileExec3065039934.dir/CMakeCXXCompilerABI.cpp.o -c /usr/share/cmake-2.8/Modules/CMakeCXXCompilerABI.cpp]
  ignore line: [Linking CXX executable cmTryCompileExec3065039934]
  ignore line: [/usr/bin/cmake -E cmake_link_script CMakeFiles/cmTryCompileExec3065039934.dir/link.txt --verbose=1]
  ignore line: [/usr/bin/c++      -v CMakeFiles/cmTryCompileExec3065039934.dir/CMakeCXXCompilerABI.cpp.o  -o cmTryCompileExec3065039934 -rdynamic  ]
  ignore line: [Using built-in specs.]
  ignore line: [COLLECT_GCC=/usr/bin/c++]
  ignore line: [COLLECT_LTO_WRAPPER=/usr/lib/gcc/x86_64-linux-gnu/4.8/lto-wrapper]
  ignore line: [Target: x86_64-linux-gnu]
  ignore line: [Configured with: ../src/configure -v --with-pkgversion='Ubuntu 4.8.4-2ubuntu1~14.04' --with-bugurl=file:///usr/share/doc/gcc-4.8/README.Bugs --enable-languages=c,c++,java,go,d,fortran,objc,obj-c++ --prefix=/usr --program-suffix=-4.8 --enable-shared --enable-linker-build-id --libexecdir=/usr/lib --without-included-gettext --enable-threads=posix --with-gxx-include-dir=/usr/include/c++/4.8 --libdir=/usr/lib --enable-nls --with-sysroot=/ --enable-clocale=gnu --enable-libstdcxx-debug --enable-libstdcxx-time=yes --enable-gnu-unique-object --disable-libmudflap --enable-plugin --with-system-zlib --disable-browser-plugin --enable-java-awt=gtk --enable-gtk-cairo --with-java-home=/usr/lib/jvm/java-1.5.0-gcj-4.8-amd64/jre --enable-java-home --with-jvm-root-dir=/usr/lib/jvm/java-1.5.0-gcj-4.8-amd64 --with-jvm-jar-dir=/usr/lib/jvm-exports/java-1.5.0-gcj-4.8-amd64 --with-arch-directory=amd64 --with-ecj-jar=/usr/share/java/eclipse-ecj.jar --enable-objc-gc --enable-multiarch --disable-werror --with-arch-32=i686 --with-abi=m64 --with-multilib-list=m32,m64,mx32 --with-tune=generic --enable-checking=release --build=x86_64-linux-gnu --host=x86_64-linux-gnu --target=x86_64-linux-gnu]
  ignore line: [Thread model: posix]
  ignore line: [gcc version 4.8.4 (Ubuntu 4.8.4-2ubuntu1~14.04) ]
  ignore line: [COMPILER_PATH=/usr/lib/gcc/x86_64-linux-gnu/4.8/:/usr/lib/gcc/x86_64-linux-gnu/4.8/:/usr/lib/gcc/x86_64-linux-gnu/:/usr/lib/gcc/x86_64-linux-gnu/4.8/:/usr/lib/gcc/x86_64-linux-gnu/]
  ignore line: [LIBRARY_PATH=/usr/lib/gcc/x86_64-linux-gnu/4.8/:/usr/lib/gcc/x86_64-linux-gnu/4.8/../../../x86_64-linux-gnu/:/usr/lib/gcc/x86_64-linux-gnu/4.8/../../../../lib/:/lib/x86_64-linux-gnu/:/lib/../lib/:/usr/lib/x86_64-linux-gnu/:/usr/lib/../lib/:/usr/lib/gcc/x86_64-linux-gnu/4.8/../../../:/lib/:/usr/lib/]
  ignore line: [COLLECT_GCC_OPTIONS='-v' '-o' 'cmTryCompileExec3065039934' '-rdynamic' '-shared-libgcc' '-mtune=generic' '-march=x86-64']
  link line: [ /usr/lib/gcc/x86_64-linux-gnu/4.8/collect2 --sysroot=/ --build-id --eh-frame-hdr -m elf_x86_64 --hash-style=gnu --as-needed -export-dynamic -dynamic-linker /lib64/ld-linux-x86-64.so.2 -z relro -o cmTryCompileExec3065039934 /usr/lib/gcc/x86_64-linux-gnu/4.8/../../../x86_64-linux-gnu/crt1.o /usr/lib/gcc/x86_64-linux-gnu/4.8/../../../x86_64-linux-gnu/crti.o /usr/lib/gcc/x86_64-linux-gnu/4.8/crtbegin.o -L/usr/lib/gcc/x86_64-linux-gnu/4.8 -L/usr/lib/gcc/x86_64-linux-gnu/4.8/../../../x86_64-linux-gnu -L/usr/lib/gcc/x86_64-linux-gnu/4.8/../../../../lib -L/lib/x86_64-linux-gnu -L/lib/../lib -L/usr/lib/x86_64-linux-gnu -L/usr/lib/../lib -L/usr/lib/gcc/x86_64-linux-gnu/4.8/../../.. CMakeFiles/cmTryCompileExec3065039934.dir/CMakeCXXCompilerABI.cpp.o -lstdc++ -lm -lgcc_s -lgcc -lc -lgcc_s -lgcc /usr/lib/gcc/x86_64-linux-gnu/4.8/crtend.o /usr/lib/gcc/x86_64-linux-gnu/4.8/../../../x86_64-linux-gnu/crtn.o]
    arg [/usr/lib/gcc/x86_64-linux-gnu/4.8/collect2] ==> ignore
    arg [--sysroot=/] ==> ignore
    arg [--build-id] ==> ignore
    arg [--eh-frame-hdr] ==> ignore
    arg [-m] ==> ignore
    arg [elf_x86_64] ==> ignore
    arg [--hash-style=gnu] ==> ignore
    arg [--as-needed] ==> ignore
    arg [-export-dynamic] ==> ignore
    arg [-dynamic-linker] ==> ignore
    arg [/lib64/ld-linux-x86-64.so.2] ==> ignore
    arg [-zrelro] ==> ignore
    arg [-o] ==> ignore
    arg [cmTryCompileExec3065039934] ==> ignore
    arg [/usr/lib/gcc/x86_64-linux-gnu/4.8/../../../x86_64-linux-gnu/crt1.o] ==> ignore
    arg [/usr/lib/gcc/x86_64-linux-gnu/4.8/../../../x86_64-linux-gnu/crti.o] ==> ignore
    arg [/usr/lib/gcc/x86_64-linux-gnu/4.8/crtbegin.o] ==> ignore
    arg [-L/usr/lib/gcc/x86_64-linux-gnu/4.8] ==> dir [/usr/lib/gcc/x86_64-linux-gnu/4.8]
    arg [-L/usr/lib/gcc/x86_64-linux-gnu/4.8/../../../x86_64-linux-gnu] ==> dir [/usr/lib/gcc/x86_64-linux-gnu/4.8/../../../x86_64-linux-gnu]
    arg [-L/usr/lib/gcc/x86_64-linux-gnu/4.8/../../../../lib] ==> dir [/usr/lib/gcc/x86_64-linux-gnu/4.8/../../../../lib]
    arg [-L/lib/x86_64-linux-gnu] ==> dir [/lib/x86_64-linux-gnu]
    arg [-L/lib/../lib] ==> dir [/lib/../lib]
    arg [-L/usr/lib/x86_64-linux-gnu] ==> dir [/usr/lib/x86_64-linux-gnu]
    arg [-L/usr/lib/../lib] ==> dir [/usr/lib/../lib]
    arg [-L/usr/lib/gcc/x86_64-linux-gnu/4.8/../../..] ==> dir [/usr/lib/gcc/x86_64-linux-gnu/4.8/../../..]
    arg [CMakeFiles/cmTryCompileExec3065039934.dir/CMakeCXXCompilerABI.cpp.o] ==> ignore
    arg [-lstdc++] ==> lib [stdc++]
    arg [-lm] ==> lib [m]
    arg [-lgcc_s] ==> lib [gcc_s]
    arg [-lgcc] ==> lib [gcc]
    arg [-lc] ==> lib [c]
    arg [-lgcc_s] ==> lib [gcc_s]
    arg [-lgcc] ==> lib [gcc]
    arg [/usr/lib/gcc/x86_64-linux-gnu/4.8/crtend.o] ==> ignore
    arg [/usr/lib/gcc/x86_64-linux-gnu/4.8/../../../x86_64-linux-gnu/crtn.o] ==> ignore
  remove lib [gcc_s]
  remove lib [gcc]
  remove lib [gcc_s]
  remove lib [gcc]
  collapse library dir [/usr/lib/gcc/x86_64-linux-gnu/4.8] ==> [/usr/lib/gcc/x86_64-linux-gnu/4.8]
  collapse library dir [/usr/lib/gcc/x86_64-linux-gnu/4.8/../../../x86_64-linux-gnu] ==> [/usr/lib/x86_64-linux-gnu]
  collapse library dir [/usr/lib/gcc/x86_64-linux-gnu/4.8/../../../../lib] ==> [/usr/lib]
  collapse library dir [/lib/x86_64-linux-gnu] ==> [/lib/x86_64-linux-gnu]
  collapse library dir [/lib/../lib] ==> [/lib]
  collapse library dir [/usr/lib/x86_64-linux-gnu] ==> [/usr/lib/x86_64-linux-gnu]
  collapse library dir [/usr/lib/../lib] ==> [/usr/lib]
  collapse library dir [/usr/lib/gcc/x86_64-linux-gnu/4.8/../../..] ==> [/usr/lib]
  implicit libs: [stdc++;m;c]
  implicit dirs: [/usr/lib/gcc/x86_64-linux-gnu/4.8;/usr/lib/x86_64-linux-gnu;/usr/lib;/lib/x86_64-linux-gnu;/lib]
  implicit fwks: []


Determining if the function XOpenDisplay exists in the /usr/lib/x86_64-linux-gnu/libX11.so;/usr/lib/x86_64-linux-gnu/libXext.so passed with the following output:
Change Dir: /home/dave/.kodi/temp/src/obdgpslogger-0.16/build/CMakeFiles/CMakeTmp

Run Build Command:/usr/bin/make "cmTryCompileExec3365279789/fast"
/usr/bin/make -f CMakeFiles/cmTryCompileExec3365279789.dir/build.make CMakeFiles/cmTryCompileExec3365279789.dir/build
make[1]: Entering directory `/home/dave/.kodi/temp/src/obdgpslogger-0.16/build/CMakeFiles/CMakeTmp'
/usr/bin/cmake -E cmake_progress_report /home/dave/.kodi/temp/src/obdgpslogger-0.16/build/CMakeFiles/CMakeTmp/CMakeFiles 1
Building C object CMakeFiles/cmTryCompileExec3365279789.dir/CheckFunctionExists.c.o
/usr/bin/cc   -DCHECK_FUNCTION_EXISTS=XOpenDisplay   -o CMakeFiles/cmTryCompileExec3365279789.dir/CheckFunctionExists.c.o   -c /usr/share/cmake-2.8/Modules/CheckFunctionExists.c
Linking C executable cmTryCompileExec3365279789
/usr/bin/cmake -E cmake_link_script CMakeFiles/cmTryCompileExec3365279789.dir/link.txt --verbose=1
/usr/bin/cc   -DCHECK_FUNCTION_EXISTS=XOpenDisplay    CMakeFiles/cmTryCompileExec3365279789.dir/CheckFunctionExists.c.o  -o cmTryCompileExec3365279789 -rdynamic -lX11 -lXext 
make[1]: Leaving directory `/home/dave/.kodi/temp/src/obdgpslogger-0.16/build/CMakeFiles/CMakeTmp'


Determining if the function gethostbyname exists passed with the following output:
Change Dir: /home/dave/.kodi/temp/src/obdgpslogger-0.16/build/CMakeFiles/CMakeTmp

Run Build Command:/usr/bin/make "cmTryCompileExec537906005/fast"
/usr/bin/make -f CMakeFiles/cmTryCompileExec537906005.dir/build.make CMakeFiles/cmTryCompileExec537906005.dir/build
make[1]: Entering directory `/home/dave/.kodi/temp/src/obdgpslogger-0.16/build/CMakeFiles/CMakeTmp'
/usr/bin/cmake -E cmake_progress_report /home/dave/.kodi/temp/src/obdgpslogger-0.16/build/CMakeFiles/CMakeTmp/CMakeFiles 1
Building C object CMakeFiles/cmTryCompileExec537906005.dir/CheckFunctionExists.c.o
/usr/bin/cc   -DCHECK_FUNCTION_EXISTS=gethostbyname   -o CMakeFiles/cmTryCompileExec537906005.dir/CheckFunctionExists.c.o   -c /usr/share/cmake-2.8/Modules/CheckFunctionExists.c
Linking C executable cmTryCompileExec537906005
/usr/bin/cmake -E cmake_link_script CMakeFiles/cmTryCompileExec537906005.dir/link.txt --verbose=1
/usr/bin/cc   -DCHECK_FUNCTION_EXISTS=gethostbyname    CMakeFiles/cmTryCompileExec537906005.dir/CheckFunctionExists.c.o  -o cmTryCompileExec537906005 -rdynamic 
make[1]: Leaving directory `/home/dave/.kodi/temp/src/obdgpslogger-0.16/build/CMakeFiles/CMakeTmp'


Determining if the function connect exists passed with the following output:
Change Dir: /home/dave/.kodi/temp/src/obdgpslogger-0.16/build/CMakeFiles/CMakeTmp

Run Build Command:/usr/bin/make "cmTryCompileExec3598051906/fast"
/usr/bin/make -f CMakeFiles/cmTryCompileExec3598051906.dir/build.make CMakeFiles/cmTryCompileExec3598051906.dir/build
make[1]: Entering directory `/home/dave/.kodi/temp/src/obdgpslogger-0.16/build/CMakeFiles/CMakeTmp'
/usr/bin/cmake -E cmake_progress_report /home/dave/.kodi/temp/src/obdgpslogger-0.16/build/CMakeFiles/CMakeTmp/CMakeFiles 1
Building C object CMakeFiles/cmTryCompileExec3598051906.dir/CheckFunctionExists.c.o
/usr/bin/cc   -DCHECK_FUNCTION_EXISTS=connect   -o CMakeFiles/cmTryCompileExec3598051906.dir/CheckFunctionExists.c.o   -c /usr/share/cmake-2.8/Modules/CheckFunctionExists.c
Linking C executable cmTryCompileExec3598051906
/usr/bin/cmake -E cmake_link_script CMakeFiles/cmTryCompileExec3598051906.dir/link.txt --verbose=1
/usr/bin/cc   -DCHECK_FUNCTION_EXISTS=connect    CMakeFiles/cmTryCompileExec3598051906.dir/CheckFunctionExists.c.o  -o cmTryCompileExec3598051906 -rdynamic 
make[1]: Leaving directory `/home/dave/.kodi/temp/src/obdgpslogger-0.16/build/CMakeFiles/CMakeTmp'


Determining if the function remove exists passed with the following output:
Change Dir: /home/dave/.kodi/temp/src/obdgpslogger-0.16/build/CMakeFiles/CMakeTmp

Run Build Command:/usr/bin/make "cmTryCompileExec663821165/fast"
/usr/bin/make -f CMakeFiles/cmTryCompileExec663821165.dir/build.make CMakeFiles/cmTryCompileExec663821165.dir/build
make[1]: Entering directory `/home/dave/.kodi/temp/src/obdgpslogger-0.16/build/CMakeFiles/CMakeTmp'
/usr/bin/cmake -E cmake_progress_report /home/dave/.kodi/temp/src/obdgpslogger-0.16/build/CMakeFiles/CMakeTmp/CMakeFiles 1
Building C object CMakeFiles/cmTryCompileExec663821165.dir/CheckFunctionExists.c.o
/usr/bin/cc   -DCHECK_FUNCTION_EXISTS=remove   -o CMakeFiles/cmTryCompileExec663821165.dir/CheckFunctionExists.c.o   -c /usr/share/cmake-2.8/Modules/CheckFunctionExists.c
Linking C executable cmTryCompileExec663821165
/usr/bin/cmake -E cmake_link_script CMakeFiles/cmTryCompileExec663821165.dir/link.txt --verbose=1
/usr/bin/cc   -DCHECK_FUNCTION_EXISTS=remove    CMakeFiles/cmTryCompileExec663821165.dir/CheckFunctionExists.c.o  -o cmTryCompileExec663821165 -rdynamic 
make[1]: Leaving directory `/home/dave/.kodi/temp/src/obdgpslogger-0.16/build/CMakeFiles/CMakeTmp'


Determining if the function shmat exists passed with the following output:
Change Dir: /home/dave/.kodi/temp/src/obdgpslogger-0.16/build/CMakeFiles/CMakeTmp

Run Build Command:/usr/bin/make "cmTryCompileExec588933221/fast"
/usr/bin/make -f CMakeFiles/cmTryCompileExec588933221.dir/build.make CMakeFiles/cmTryCompileExec588933221.dir/build
make[1]: Entering directory `/home/dave/.kodi/temp/src/obdgpslogger-0.16/build/CMakeFiles/CMakeTmp'
/usr/bin/cmake -E cmake_progress_report /home/dave/.kodi/temp/src/obdgpslogger-0.16/build/CMakeFiles/CMakeTmp/CMakeFiles 1
Building C object CMakeFiles/cmTryCompileExec588933221.dir/CheckFunctionExists.c.o
/usr/bin/cc   -DCHECK_FUNCTION_EXISTS=shmat   -o CMakeFiles/cmTryCompileExec588933221.dir/CheckFunctionExists.c.o   -c /usr/share/cmake-2.8/Modules/CheckFunctionExists.c
Linking C executable cmTryCompileExec588933221
/usr/bin/cmake -E cmake_link_script CMakeFiles/cmTryCompileExec588933221.dir/link.txt --verbose=1
/usr/bin/cc   -DCHECK_FUNCTION_EXISTS=shmat    CMakeFiles/cmTryCompileExec588933221.dir/CheckFunctionExists.c.o  -o cmTryCompileExec588933221 -rdynamic 
make[1]: Leaving directory `/home/dave/.kodi/temp/src/obdgpslogger-0.16/build/CMakeFiles/CMakeTmp'


Determining if the function ptsname_r exists passed with the following output:
Change Dir: /home/dave/.kodi/temp/src/obdgpslogger-0.16/build/CMakeFiles/CMakeTmp

Run Build Command:/usr/bin/make "cmTryCompileExec364561981/fast"
/usr/bin/make -f CMakeFiles/cmTryCompileExec364561981.dir/build.make CMakeFiles/cmTryCompileExec364561981.dir/build
make[1]: Entering directory `/home/dave/.kodi/temp/src/obdgpslogger-0.16/build/CMakeFiles/CMakeTmp'
/usr/bin/cmake -E cmake_progress_report /home/dave/.kodi/temp/src/obdgpslogger-0.16/build/CMakeFiles/CMakeTmp/CMakeFiles 1
Building C object CMakeFiles/cmTryCompileExec364561981.dir/CheckFunctionExists.c.o
/usr/bin/cc   -DCHECK_FUNCTION_EXISTS=ptsname_r   -o CMakeFiles/cmTryCompileExec364561981.dir/CheckFunctionExists.c.o   -c /usr/share/cmake-2.8/Modules/CheckFunctionExists.c
Linking C executable cmTryCompileExec364561981
/usr/bin/cmake -E cmake_link_script CMakeFiles/cmTryCompileExec364561981.dir/link.txt --verbose=1
/usr/bin/cc   -DCHECK_FUNCTION_EXISTS=ptsname_r    CMakeFiles/cmTryCompileExec364561981.dir/CheckFunctionExists.c.o  -o cmTryCompileExec364561981 -rdynamic 
make[1]: Leaving directory `/home/dave/.kodi/temp/src/obdgpslogger-0.16/build/CMakeFiles/CMakeTmp'


Determining if files signal.h exist passed with the following output:
Change Dir: /home/dave/.kodi/temp/src/obdgpslogger-0.16/build/CMakeFiles/CMakeTmp

Run Build Command:/usr/bin/make "cmTryCompileExec1375610113/fast"
/usr/bin/make -f CMakeFiles/cmTryCompileExec1375610113.dir/build.make CMakeFiles/cmTryCompileExec1375610113.dir/build
make[1]: Entering directory `/home/dave/.kodi/temp/src/obdgpslogger-0.16/build/CMakeFiles/CMakeTmp'
/usr/bin/cmake -E cmake_progress_report /home/dave/.kodi/temp/src/obdgpslogger-0.16/build/CMakeFiles/CMakeTmp/CMakeFiles 1
Building C object CMakeFiles/cmTryCompileExec1375610113.dir/CheckIncludeFiles.c.o
/usr/bin/cc    -o CMakeFiles/cmTryCompileExec1375610113.dir/CheckIncludeFiles.c.o   -c /home/dave/.kodi/temp/src/obdgpslogger-0.16/build/CMakeFiles/CMakeTmp/CheckIncludeFiles.c
Linking C executable cmTryCompileExec1375610113
/usr/bin/cmake -E cmake_link_script CMakeFiles/cmTryCompileExec1375610113.dir/link.txt --verbose=1
/usr/bin/cc       CMakeFiles/cmTryCompileExec1375610113.dir/CheckIncludeFiles.c.o  -o cmTryCompileExec1375610113 -rdynamic 
make[1]: Leaving directory `/home/dave/.kodi/temp/src/obdgpslogger-0.16/build/CMakeFiles/CMakeTmp'


Determining if the sigaction exist passed with the following output:
Change Dir: /home/dave/.kodi/temp/src/obdgpslogger-0.16/build/CMakeFiles/CMakeTmp

Run Build Command:/usr/bin/make "cmTryCompileExec1996189608/fast"
/usr/bin/make -f CMakeFiles/cmTryCompileExec1996189608.dir/build.make CMakeFiles/cmTryCompileExec1996189608.dir/build
make[1]: Entering directory `/home/dave/.kodi/temp/src/obdgpslogger-0.16/build/CMakeFiles/CMakeTmp'
/usr/bin/cmake -E cmake_progress_report /home/dave/.kodi/temp/src/obdgpslogger-0.16/build/CMakeFiles/CMakeTmp/CMakeFiles 1
Building C object CMakeFiles/cmTryCompileExec1996189608.dir/CheckSymbolExists.c.o
/usr/bin/cc    -o CMakeFiles/cmTryCompileExec1996189608.dir/CheckSymbolExists.c.o   -c /home/dave/.kodi/temp/src/obdgpslogger-0.16/build/CMakeFiles/CMakeTmp/CheckSymbolExists.c
Linking C executable cmTryCompileExec1996189608
/usr/bin/cmake -E cmake_link_script CMakeFiles/cmTryCompileExec1996189608.dir/link.txt --verbose=1
/usr/bin/cc       CMakeFiles/cmTryCompileExec1996189608.dir/CheckSymbolExists.c.o  -o cmTryCompileExec1996189608 -rdynamic 
make[1]: Leaving directory `/home/dave/.kodi/temp/src/obdgpslogger-0.16/build/CMakeFiles/CMakeTmp'

File /home/dave/.kodi/temp/src/obdgpslogger-0.16/build/CMakeFiles/CMakeTmp/CheckSymbolExists.c:
/* */
#include <signal.h>

int main(int argc, char** argv)
{
  (void)argv;
#ifndef sigaction
  return ((int*)(&sigaction))[argc];
#else
  (void)argc;
  return 0;
#endif
}

Determining if the signal exist passed with the following output:
Change Dir: /home/dave/.kodi/temp/src/obdgpslogger-0.16/build/CMakeFiles/CMakeTmp

Run Build Command:/usr/bin/make "cmTryCompileExec2714169699/fast"
/usr/bin/make -f CMakeFiles/cmTryCompileExec2714169699.dir/build.make CMakeFiles/cmTryCompileExec2714169699.dir/build
make[1]: Entering directory `/home/dave/.kodi/temp/src/obdgpslogger-0.16/build/CMakeFiles/CMakeTmp'
/usr/bin/cmake -E cmake_progress_report /home/dave/.kodi/temp/src/obdgpslogger-0.16/build/CMakeFiles/CMakeTmp/CMakeFiles 1
Building C object CMakeFiles/cmTryCompileExec2714169699.dir/CheckSymbolExists.c.o
/usr/bin/cc    -o CMakeFiles/cmTryCompileExec2714169699.dir/CheckSymbolExists.c.o   -c /home/dave/.kodi/temp/src/obdgpslogger-0.16/build/CMakeFiles/CMakeTmp/CheckSymbolExists.c
Linking C executable cmTryCompileExec2714169699
/usr/bin/cmake -E cmake_link_script CMakeFiles/cmTryCompileExec2714169699.dir/link.txt --verbose=1
/usr/bin/cc       CMakeFiles/cmTryCompileExec2714169699.dir/CheckSymbolExists.c.o  -o cmTryCompileExec2714169699 -rdynamic 
make[1]: Leaving directory `/home/dave/.kodi/temp/src/obdgpslogger-0.16/build/CMakeFiles/CMakeTmp'

File /home/dave/.kodi/temp/src/obdgpslogger-0.16/build/CMakeFiles/CMakeTmp/CheckSymbolExists.c:
/* */
#include <signal.h>

int main(int argc, char** argv)
{
  (void)argv;
#ifndef signal
  return ((int*)(&signal))[argc];
#else
  (void)argc;
  return 0;
#endif
}

Determining if the function dlopen exists passed with the following output:
Change Dir: /home/dave/.kodi/temp/src/obdgpslogger-0.16/build/CMakeFiles/CMakeTmp

Run Build Command:/usr/bin/make "cmTryCompileExec989667097/fast"
/usr/bin/make -f CMakeFiles/cmTryCompileExec989667097.dir/build.make CMakeFiles/cmTryCompileExec989667097.dir/build
make[1]: Entering directory `/home/dave/.kodi/temp/src/obdgpslogger-0.16/build/CMakeFiles/CMakeTmp'
/usr/bin/cmake -E cmake_progress_report /home/dave/.kodi/temp/src/obdgpslogger-0.16/build/CMakeFiles/CMakeTmp/CMakeFiles 1
Building C object CMakeFiles/cmTryCompileExec989667097.dir/CheckFunctionExists.c.o
/usr/bin/cc   -DCHECK_FUNCTION_EXISTS=dlopen   -o CMakeFiles/cmTryCompileExec989667097.dir/CheckFunctionExists.c.o   -c /usr/share/cmake-2.8/Modules/CheckFunctionExists.c
Linking C executable cmTryCompileExec989667097
/usr/bin/cmake -E cmake_link_script CMakeFiles/cmTryCompileExec989667097.dir/link.txt --verbose=1
/usr/bin/cc   -DCHECK_FUNCTION_EXISTS=dlopen    CMakeFiles/cmTryCompileExec989667097.dir/CheckFunctionExists.c.o  -o cmTryCompileExec989667097 -rdynamic -ldl 
make[1]: Leaving directory `/home/dave/.kodi/temp/src/obdgpslogger-0.16/build/CMakeFiles/CMakeTmp'


Determining if files sys/socket.h exist passed with the following output:
Change Dir: /home/dave/.kodi/temp/src/obdgpslogger-0.16/build/CMakeFiles/CMakeTmp

Run Build Command:/usr/bin/make "cmTryCompileExec4002940136/fast"
/usr/bin/make -f CMakeFiles/cmTryCompileExec4002940136.dir/build.make CMakeFiles/cmTryCompileExec4002940136.dir/build
make[1]: Entering directory `/home/dave/.kodi/temp/src/obdgpslogger-0.16/build/CMakeFiles/CMakeTmp'
/usr/bin/cmake -E cmake_progress_report /home/dave/.kodi/temp/src/obdgpslogger-0.16/build/CMakeFiles/CMakeTmp/CMakeFiles 1
Building C object CMakeFiles/cmTryCompileExec4002940136.dir/CheckIncludeFiles.c.o
/usr/bin/cc    -o CMakeFiles/cmTryCompileExec4002940136.dir/CheckIncludeFiles.c.o   -c /home/dave/.kodi/temp/src/obdgpslogger-0.16/build/CMakeFiles/CMakeTmp/CheckIncludeFiles.c
Linking C executable cmTryCompileExec4002940136
/usr/bin/cmake -E cmake_link_script CMakeFiles/cmTryCompileExec4002940136.dir/link.txt --verbose=1
/usr/bin/cc       CMakeFiles/cmTryCompileExec4002940136.dir/CheckIncludeFiles.c.o  -o cmTryCompileExec4002940136 -rdynamic 
make[1]: Leaving directory `/home/dave/.kodi/temp/src/obdgpslogger-0.16/build/CMakeFiles/CMakeTmp'


Determining if files netdb.h exist passed with the following output:
Change Dir: /home/dave/.kodi/temp/src/obdgpslogger-0.16/build/CMakeFiles/CMakeTmp

Run Build Command:/usr/bin/make "cmTryCompileExec329154404/fast"
/usr/bin/make -f CMakeFiles/cmTryCompileExec329154404.dir/build.make CMakeFiles/cmTryCompileExec329154404.dir/build
make[1]: Entering directory `/home/dave/.kodi/temp/src/obdgpslogger-0.16/build/CMakeFiles/CMakeTmp'
/usr/bin/cmake -E cmake_progress_report /home/dave/.kodi/temp/src/obdgpslogger-0.16/build/CMakeFiles/CMakeTmp/CMakeFiles 1
Building C object CMakeFiles/cmTryCompileExec329154404.dir/CheckIncludeFiles.c.o
/usr/bin/cc    -o CMakeFiles/cmTryCompileExec329154404.dir/CheckIncludeFiles.c.o   -c /home/dave/.kodi/temp/src/obdgpslogger-0.16/build/CMakeFiles/CMakeTmp/CheckIncludeFiles.c
Linking C executable cmTryCompileExec329154404
/usr/bin/cmake -E cmake_link_script CMakeFiles/cmTryCompileExec329154404.dir/link.txt --verbose=1
/usr/bin/cc       CMakeFiles/cmTryCompileExec329154404.dir/CheckIncludeFiles.c.o  -o cmTryCompileExec329154404 -rdynamic 
make[1]: Leaving directory `/home/dave/.kodi/temp/src/obdgpslogger-0.16/build/CMakeFiles/CMakeTmp'


Determining if the getaddrinfo exist passed with the following output:
Change Dir: /home/dave/.kodi/temp/src/obdgpslogger-0.16/build/CMakeFiles/CMakeTmp

Run Build Command:/usr/bin/make "cmTryCompileExec991077858/fast"
/usr/bin/make -f CMakeFiles/cmTryCompileExec991077858.dir/build.make CMakeFiles/cmTryCompileExec991077858.dir/build
make[1]: Entering directory `/home/dave/.kodi/temp/src/obdgpslogger-0.16/build/CMakeFiles/CMakeTmp'
/usr/bin/cmake -E cmake_progress_report /home/dave/.kodi/temp/src/obdgpslogger-0.16/build/CMakeFiles/CMakeTmp/CMakeFiles 1
Building C object CMakeFiles/cmTryCompileExec991077858.dir/CheckSymbolExists.c.o
/usr/bin/cc    -o CMakeFiles/cmTryCompileExec991077858.dir/CheckSymbolExists.c.o   -c /home/dave/.kodi/temp/src/obdgpslogger-0.16/build/CMakeFiles/CMakeTmp/CheckSymbolExists.c
Linking C executable cmTryCompileExec991077858
/usr/bin/cmake -E cmake_link_script CMakeFiles/cmTryCompileExec991077858.dir/link.txt --verbose=1
/usr/bin/cc       CMakeFiles/cmTryCompileExec991077858.dir/CheckSymbolExists.c.o  -o cmTryCompileExec991077858 -rdynamic -ldl 
make[1]: Leaving directory `/home/dave/.kodi/temp/src/obdgpslogger-0.16/build/CMakeFiles/CMakeTmp'

File /home/dave/.kodi/temp/src/obdgpslogger-0.16/build/CMakeFiles/CMakeTmp/CheckSymbolExists.c:
/* */
#include <netdb.h>

int main(int argc, char** argv)
{
  (void)argv;
#ifndef getaddrinfo
  return ((int*)(&getaddrinfo))[argc];
#else
  (void)argc;
  return 0;
#endif
}

Determining if the function posix_openpt exists passed with the following output:
Change Dir: /home/dave/.kodi/temp/src/obdgpslogger-0.16/build/CMakeFiles/CMakeTmp

Run Build Command:/usr/bin/make "cmTryCompileExec3162646659/fast"
/usr/bin/make -f CMakeFiles/cmTryCompileExec3162646659.dir/build.make CMakeFiles/cmTryCompileExec3162646659.dir/build
make[1]: Entering directory `/home/dave/.kodi/temp/src/obdgpslogger-0.16/build/CMakeFiles/CMakeTmp'
/usr/bin/cmake -E cmake_progress_report /home/dave/.kodi/temp/src/obdgpslogger-0.16/build/CMakeFiles/CMakeTmp/CMakeFiles 1
Building C object CMakeFiles/cmTryCompileExec3162646659.dir/CheckFunctionExists.c.o
/usr/bin/cc   -DCHECK_FUNCTION_EXISTS=posix_openpt   -o CMakeFiles/cmTryCompileExec3162646659.dir/CheckFunctionExists.c.o   -c /usr/share/cmake-2.8/Modules/CheckFunctionExists.c
Linking C executable cmTryCompileExec3162646659
/usr/bin/cmake -E cmake_link_script CMakeFiles/cmTryCompileExec3162646659.dir/link.txt --verbose=1
/usr/bin/cc   -DCHECK_FUNCTION_EXISTS=posix_openpt    CMakeFiles/cmTryCompileExec3162646659.dir/CheckFunctionExists.c.o  -o cmTryCompileExec3162646659 -rdynamic -ldl 
make[1]: Leaving directory `/home/dave/.kodi/temp/src/obdgpslogger-0.16/build/CMakeFiles/CMakeTmp'


Determining if the function gettimeofday exists passed with the following output:
Change Dir: /home/dave/.kodi/temp/src/obdgpslogger-0.16/build/CMakeFiles/CMakeTmp

Run Build Command:/usr/bin/make "cmTryCompileExec3172362282/fast"
/usr/bin/make -f CMakeFiles/cmTryCompileExec3172362282.dir/build.make CMakeFiles/cmTryCompileExec3172362282.dir/build
make[1]: Entering directory `/home/dave/.kodi/temp/src/obdgpslogger-0.16/build/CMakeFiles/CMakeTmp'
/usr/bin/cmake -E cmake_progress_report /home/dave/.kodi/temp/src/obdgpslogger-0.16/build/CMakeFiles/CMakeTmp/CMakeFiles 1
Building C object CMakeFiles/cmTryCompileExec3172362282.dir/CheckFunctionExists.c.o
/usr/bin/cc   -DCHECK_FUNCTION_EXISTS=gettimeofday   -o CMakeFiles/cmTryCompileExec3172362282.dir/CheckFunctionExists.c.o   -c /usr/share/cmake-2.8/Modules/CheckFunctionExists.c
Linking C executable cmTryCompileExec3172362282
/usr/bin/cmake -E cmake_link_script CMakeFiles/cmTryCompileExec3172362282.dir/link.txt --verbose=1
/usr/bin/cc   -DCHECK_FUNCTION_EXISTS=gettimeofday    CMakeFiles/cmTryCompileExec3172362282.dir/CheckFunctionExists.c.o  -o cmTryCompileExec3172362282 -rdynamic -ldl 
make[1]: Leaving directory `/home/dave/.kodi/temp/src/obdgpslogger-0.16/build/CMakeFiles/CMakeTmp'


